<?xml version="1.0" encoding="UTF-8"?>
<coverage generated="1746390920391" clover="3.2.0">
  <project timestamp="1746390920391" name="All files">
    <metrics statements="343" coveredstatements="52" conditionals="173" coveredconditionals="17" methods="80" coveredmethods="13" elements="596" coveredelements="82" complexity="0" loc="343" ncloc="343" packages="1" files="8" classes="8"/>
    <file name="cache.js" path="/Users/samcrider/workshop/offline-wrapper/cache.js">
      <metrics statements="62" coveredstatements="0" conditionals="9" coveredconditionals="0" methods="17" coveredmethods="0"/>
      <line num="2" count="0" type="stmt"/>
      <line num="3" count="0" type="stmt"/>
      <line num="9" count="0" type="stmt"/>
      <line num="13" count="0" type="stmt"/>
      <line num="14" count="0" type="stmt"/>
      <line num="15" count="0" type="stmt"/>
      <line num="16" count="0" type="stmt"/>
      <line num="17" count="0" type="stmt"/>
      <line num="18" count="0" type="stmt"/>
      <line num="19" count="0" type="stmt"/>
      <line num="25" count="0" type="stmt"/>
      <line num="26" count="0" type="stmt"/>
      <line num="27" count="0" type="stmt"/>
      <line num="28" count="0" type="stmt"/>
      <line num="31" count="0" type="stmt"/>
      <line num="32" count="0" type="stmt"/>
      <line num="33" count="0" type="stmt"/>
      <line num="42" count="0" type="stmt"/>
      <line num="43" count="0" type="stmt"/>
      <line num="48" count="0" type="stmt"/>
      <line num="49" count="0" type="stmt"/>
      <line num="50" count="0" type="stmt"/>
      <line num="51" count="0" type="stmt"/>
      <line num="52" count="0" type="stmt"/>
      <line num="54" count="0" type="stmt"/>
      <line num="55" count="0" type="stmt"/>
      <line num="56" count="0" type="stmt"/>
      <line num="57" count="0" type="cond" truecount="0" falsecount="2"/>
      <line num="60" count="0" type="cond" truecount="0" falsecount="2"/>
      <line num="61" count="0" type="stmt"/>
      <line num="62" count="0" type="stmt"/>
      <line num="65" count="0" type="stmt"/>
      <line num="68" count="0" type="stmt"/>
      <line num="70" count="0" type="stmt"/>
      <line num="71" count="0" type="stmt"/>
      <line num="72" count="0" type="stmt"/>
      <line num="76" count="0" type="stmt"/>
      <line num="77" count="0" type="stmt"/>
      <line num="82" count="0" type="stmt"/>
      <line num="83" count="0" type="stmt"/>
      <line num="84" count="0" type="stmt"/>
      <line num="85" count="0" type="stmt"/>
      <line num="86" count="0" type="stmt"/>
      <line num="87" count="0" type="stmt"/>
      <line num="89" count="0" type="stmt"/>
      <line num="90" count="0" type="stmt"/>
      <line num="96" count="0" type="cond" truecount="0" falsecount="2"/>
      <line num="97" count="0" type="stmt"/>
      <line num="98" count="0" type="stmt"/>
      <line num="102" count="0" type="stmt"/>
      <line num="103" count="0" type="stmt"/>
      <line num="104" count="0" type="stmt"/>
      <line num="106" count="0" type="stmt"/>
      <line num="107" count="0" type="stmt"/>
      <line num="108" count="0" type="stmt"/>
      <line num="109" count="0" type="stmt"/>
      <line num="110" count="0" type="stmt"/>
      <line num="111" count="0" type="cond" truecount="0" falsecount="2"/>
      <line num="112" count="0" type="stmt"/>
      <line num="113" count="0" type="stmt"/>
      <line num="115" count="0" type="stmt"/>
      <line num="118" count="0" type="stmt"/>
    </file>
    <file name="index.js" path="/Users/samcrider/workshop/offline-wrapper/index.js">
      <metrics statements="90" coveredstatements="28" conditionals="72" coveredconditionals="10" methods="14" coveredmethods="5"/>
      <line num="12" count="4" type="stmt"/>
      <line num="21" count="4" type="stmt"/>
      <line num="22" count="4" type="stmt"/>
      <line num="23" count="4" type="stmt"/>
      <line num="24" count="4" type="stmt"/>
      <line num="26" count="4" type="cond" truecount="2" falsecount="0"/>
      <line num="27" count="3" type="stmt"/>
      <line num="35" count="4" type="stmt"/>
      <line num="38" count="4" type="stmt"/>
      <line num="41" count="4" type="stmt"/>
      <line num="44" count="4" type="stmt"/>
      <line num="45" count="0" type="stmt"/>
      <line num="51" count="4" type="cond" truecount="2" falsecount="0"/>
      <line num="52" count="3" type="stmt"/>
      <line num="58" count="4" type="stmt"/>
      <line num="59" count="0" type="cond" truecount="0" falsecount="2"/>
      <line num="60" count="0" type="stmt"/>
      <line num="63" count="0" type="cond" truecount="0" falsecount="2"/>
      <line num="64" count="0" type="stmt"/>
      <line num="65" count="0" type="stmt"/>
      <line num="67" count="0" type="cond" truecount="0" falsecount="2"/>
      <line num="68" count="0" type="stmt"/>
      <line num="69" count="0" type="stmt"/>
      <line num="70" count="0" type="cond" truecount="0" falsecount="4"/>
      <line num="71" count="0" type="stmt"/>
      <line num="73" count="0" type="stmt"/>
      <line num="75" count="0" type="stmt"/>
      <line num="76" count="0" type="stmt"/>
      <line num="80" count="0" type="stmt"/>
      <line num="81" count="0" type="stmt"/>
      <line num="83" count="0" type="stmt"/>
      <line num="87" count="0" type="cond" truecount="0" falsecount="4"/>
      <line num="88" count="0" type="stmt"/>
      <line num="89" count="0" type="cond" truecount="0" falsecount="2"/>
      <line num="90" count="0" type="stmt"/>
      <line num="96" count="4" type="stmt"/>
      <line num="97" count="0" type="cond" truecount="0" falsecount="2"/>
      <line num="100" count="4" type="stmt"/>
      <line num="101" count="0" type="cond" truecount="0" falsecount="2"/>
      <line num="106" count="4" type="stmt"/>
      <line num="109" count="4" type="stmt"/>
      <line num="111" count="4" type="stmt"/>
      <line num="112" count="0" type="cond" truecount="0" falsecount="1"/>
      <line num="113" count="0" type="cond" truecount="0" falsecount="2"/>
      <line num="115" count="0" type="cond" truecount="0" falsecount="2"/>
      <line num="116" count="0" type="stmt"/>
      <line num="117" count="0" type="stmt"/>
      <line num="119" count="0" type="cond" truecount="0" falsecount="4"/>
      <line num="120" count="0" type="stmt"/>
      <line num="123" count="0" type="stmt"/>
      <line num="127" count="0" type="stmt"/>
      <line num="129" count="0" type="stmt"/>
      <line num="131" count="0" type="cond" truecount="0" falsecount="2"/>
      <line num="132" count="0" type="stmt"/>
      <line num="133" count="0" type="cond" truecount="0" falsecount="2"/>
      <line num="137" count="0" type="cond" truecount="0" falsecount="2"/>
      <line num="138" count="0" type="stmt"/>
      <line num="139" count="0" type="cond" truecount="0" falsecount="2"/>
      <line num="142" count="0" type="stmt"/>
      <line num="148" count="0" type="cond" truecount="0" falsecount="2"/>
      <line num="149" count="0" type="stmt"/>
      <line num="150" count="0" type="cond" truecount="0" falsecount="2"/>
      <line num="153" count="0" type="cond" truecount="0" falsecount="2"/>
      <line num="154" count="0" type="stmt"/>
      <line num="155" count="0" type="cond" truecount="0" falsecount="2"/>
      <line num="158" count="0" type="stmt"/>
      <line num="165" count="4" type="cond" truecount="1" falsecount="1"/>
      <line num="166" count="4" type="stmt"/>
      <line num="174" count="0" type="cond" truecount="0" falsecount="2"/>
      <line num="175" count="0" type="stmt"/>
      <line num="176" count="0" type="stmt"/>
      <line num="179" count="0" type="cond" truecount="0" falsecount="2"/>
      <line num="181" count="0" type="stmt"/>
      <line num="182" count="0" type="stmt"/>
      <line num="183" count="0" type="cond" truecount="0" falsecount="2"/>
      <line num="184" count="0" type="cond" truecount="0" falsecount="2"/>
      <line num="185" count="0" type="stmt"/>
      <line num="187" count="0" type="stmt"/>
      <line num="190" count="0" type="stmt"/>
      <line num="192" count="0" type="stmt"/>
      <line num="193" count="0" type="cond" truecount="0" falsecount="2"/>
      <line num="194" count="0" type="stmt"/>
      <line num="200" count="1" type="cond" truecount="1" falsecount="1"/>
      <line num="201" count="1" type="stmt"/>
      <line num="205" count="1" type="cond" truecount="1" falsecount="1"/>
      <line num="206" count="1" type="stmt"/>
      <line num="210" count="1" type="stmt"/>
      <line num="213" count="1" type="cond" truecount="1" falsecount="1"/>
      <line num="214" count="0" type="stmt"/>
      <line num="218" count="1" type="stmt"/>
    </file>
    <file name="inputTracker.js" path="/Users/samcrider/workshop/offline-wrapper/inputTracker.js">
      <metrics statements="36" coveredstatements="0" conditionals="27" coveredconditionals="0" methods="10" coveredmethods="0"/>
      <line num="1" count="0" type="stmt"/>
      <line num="5" count="0" type="stmt"/>
      <line num="7" count="0" type="stmt"/>
      <line num="8" count="0" type="cond" truecount="0" falsecount="2"/>
      <line num="14" count="0" type="stmt"/>
      <line num="15" count="0" type="stmt"/>
      <line num="19" count="0" type="stmt"/>
      <line num="20" count="0" type="cond" truecount="0" falsecount="2"/>
      <line num="21" count="0" type="stmt"/>
      <line num="27" count="0" type="cond" truecount="0" falsecount="2"/>
      <line num="28" count="0" type="stmt"/>
      <line num="29" count="0" type="stmt"/>
      <line num="30" count="0" type="stmt"/>
      <line num="34" count="0" type="cond" truecount="0" falsecount="2"/>
      <line num="35" count="0" type="stmt"/>
      <line num="36" count="0" type="stmt"/>
      <line num="37" count="0" type="cond" truecount="0" falsecount="2"/>
      <line num="42" count="0" type="cond" truecount="0" falsecount="2"/>
      <line num="43" count="0" type="stmt"/>
      <line num="45" count="0" type="stmt"/>
      <line num="46" count="0" type="stmt"/>
      <line num="47" count="0" type="cond" truecount="0" falsecount="4"/>
      <line num="48" count="0" type="stmt"/>
      <line num="49" count="0" type="stmt"/>
      <line num="53" count="0" type="cond" truecount="0" falsecount="2"/>
      <line num="54" count="0" type="stmt"/>
      <line num="61" count="0" type="stmt"/>
      <line num="62" count="0" type="cond" truecount="0" falsecount="2"/>
      <line num="65" count="0" type="stmt"/>
      <line num="66" count="0" type="cond" truecount="0" falsecount="2"/>
      <line num="67" count="0" type="stmt"/>
      <line num="71" count="0" type="stmt"/>
      <line num="73" count="0" type="stmt"/>
      <line num="78" count="0" type="cond" truecount="0" falsecount="2"/>
      <line num="79" count="0" type="stmt"/>
      <line num="81" count="0" type="stmt"/>
    </file>
    <file name="network.js" path="/Users/samcrider/workshop/offline-wrapper/network.js">
      <metrics statements="28" coveredstatements="23" conditionals="8" coveredconditionals="6" methods="10" coveredmethods="7"/>
      <line num="2" count="3" type="stmt"/>
      <line num="3" count="3" type="stmt"/>
      <line num="4" count="3" type="stmt"/>
      <line num="8" count="6" type="stmt"/>
      <line num="9" count="6" type="stmt"/>
      <line num="10" count="6" type="stmt"/>
      <line num="12" count="6" type="stmt"/>
      <line num="19" count="4" type="stmt"/>
      <line num="20" count="4" type="stmt"/>
      <line num="22" count="2" type="stmt"/>
      <line num="28" count="3" type="cond" truecount="1" falsecount="1"/>
      <line num="29" count="3" type="stmt"/>
      <line num="33" count="3" type="cond" truecount="2" falsecount="0"/>
      <line num="34" count="1" type="stmt"/>
      <line num="40" count="3" type="stmt"/>
      <line num="46" count="1" type="stmt"/>
      <line num="47" count="1" type="stmt"/>
      <line num="48" count="0" type="stmt"/>
      <line num="52" count="1" type="stmt"/>
      <line num="57" count="3" type="stmt"/>
      <line num="60" count="3" type="cond" truecount="3" falsecount="1"/>
      <line num="61" count="0" type="stmt"/>
      <line num="62" count="0" type="stmt"/>
      <line num="63" count="0" type="stmt"/>
      <line num="65" count="0" type="stmt"/>
      <line num="70" count="3" type="stmt"/>
      <line num="75" count="1" type="stmt"/>
      <line num="79" count="3" type="stmt"/>
    </file>
    <file name="queue.js" path="/Users/samcrider/workshop/offline-wrapper/queue.js">
      <metrics statements="42" coveredstatements="0" conditionals="12" coveredconditionals="0" methods="5" coveredmethods="0"/>
      <line num="2" count="0" type="stmt"/>
      <line num="6" count="0" type="stmt"/>
      <line num="7" count="0" type="stmt"/>
      <line num="8" count="0" type="cond" truecount="0" falsecount="2"/>
      <line num="10" count="0" type="stmt"/>
      <line num="11" count="0" type="stmt"/>
      <line num="16" count="0" type="cond" truecount="0" falsecount="4"/>
      <line num="17" count="0" type="stmt"/>
      <line num="18" count="0" type="stmt"/>
      <line num="21" count="0" type="stmt"/>
      <line num="22" count="0" type="stmt"/>
      <line num="23" count="0" type="stmt"/>
      <line num="24" count="0" type="stmt"/>
      <line num="26" count="0" type="stmt"/>
      <line num="31" count="0" type="stmt"/>
      <line num="32" count="0" type="cond" truecount="0" falsecount="2"/>
      <line num="34" count="0" type="stmt"/>
      <line num="35" count="0" type="stmt"/>
      <line num="37" count="0" type="stmt"/>
      <line num="38" count="0" type="stmt"/>
      <line num="39" count="0" type="stmt"/>
      <line num="40" count="0" type="stmt"/>
      <line num="41" count="0" type="stmt"/>
      <line num="43" count="0" type="stmt"/>
      <line num="48" count="0" type="stmt"/>
      <line num="49" count="0" type="stmt"/>
      <line num="53" count="0" type="stmt"/>
      <line num="54" count="0" type="stmt"/>
      <line num="56" count="0" type="stmt"/>
      <line num="62" count="0" type="stmt"/>
      <line num="63" count="0" type="stmt"/>
      <line num="68" count="0" type="stmt"/>
      <line num="69" count="0" type="stmt"/>
      <line num="71" count="0" type="stmt"/>
      <line num="73" count="0" type="cond" truecount="0" falsecount="2"/>
      <line num="75" count="0" type="stmt"/>
      <line num="76" count="0" type="stmt"/>
      <line num="77" count="0" type="stmt"/>
      <line num="78" count="0" type="stmt"/>
      <line num="79" count="0" type="stmt"/>
      <line num="81" count="0" type="cond" truecount="0" falsecount="2"/>
      <line num="89" count="0" type="stmt"/>
    </file>
    <file name="statusUI.js" path="/Users/samcrider/workshop/offline-wrapper/statusUI.js">
      <metrics statements="43" coveredstatements="0" conditionals="36" coveredconditionals="0" methods="17" coveredmethods="0"/>
      <line num="11" count="0" type="stmt"/>
      <line num="12" count="0" type="stmt"/>
      <line num="13" count="0" type="stmt"/>
      <line num="14" count="0" type="stmt"/>
      <line num="15" count="0" type="stmt"/>
      <line num="18" count="0" type="stmt"/>
      <line num="21" count="0" type="cond" truecount="0" falsecount="2"/>
      <line num="22" count="0" type="stmt"/>
      <line num="25" count="0" type="stmt"/>
      <line num="26" count="0" type="stmt"/>
      <line num="29" count="0" type="stmt"/>
      <line num="30" count="0" type="cond" truecount="0" falsecount="4"/>
      <line num="37" count="0" type="stmt"/>
      <line num="38" count="0" type="stmt"/>
      <line num="54" count="0" type="stmt"/>
      <line num="55" count="0" type="stmt"/>
      <line num="58" count="0" type="stmt"/>
      <line num="59" count="0" type="stmt"/>
      <line num="79" count="0" type="cond" truecount="0" falsecount="4"/>
      <line num="82" count="0" type="stmt"/>
      <line num="83" count="0" type="stmt"/>
      <line num="86" count="0" type="stmt"/>
      <line num="91" count="0" type="stmt"/>
      <line num="95" count="0" type="cond" truecount="0" falsecount="2"/>
      <line num="96" count="0" type="cond" truecount="0" falsecount="2"/>
      <line num="98" count="0" type="stmt"/>
      <line num="103" count="0" type="cond" truecount="0" falsecount="2"/>
      <line num="111" count="0" type="cond" truecount="0" falsecount="2"/>
      <line num="112" count="0" type="stmt"/>
      <line num="113" count="0" type="stmt"/>
      <line num="115" count="0" type="stmt"/>
      <line num="120" count="0" type="stmt"/>
      <line num="121" count="0" type="stmt"/>
      <line num="123" count="0" type="cond" truecount="0" falsecount="4"/>
      <line num="124" count="0" type="stmt"/>
      <line num="129" count="0" type="stmt"/>
      <line num="136" count="0" type="stmt"/>
      <line num="143" count="0" type="stmt"/>
      <line num="150" count="0" type="stmt"/>
      <line num="157" count="0" type="stmt"/>
      <line num="158" count="0" type="stmt"/>
      <line num="162" count="0" type="stmt"/>
      <line num="163" count="0" type="stmt"/>
    </file>
    <file name="util.js" path="/Users/samcrider/workshop/offline-wrapper/util.js">
      <metrics statements="1" coveredstatements="0" conditionals="1" coveredconditionals="0" methods="1" coveredmethods="0"/>
      <line num="3" count="0" type="stmt"/>
    </file>
    <file name="xhr.js" path="/Users/samcrider/workshop/offline-wrapper/xhr.js">
      <metrics statements="41" coveredstatements="1" conditionals="8" coveredconditionals="1" methods="6" coveredmethods="1"/>
      <line num="4" count="0" type="stmt"/>
      <line num="7" count="0" type="cond" truecount="0" falsecount="2"/>
      <line num="8" count="0" type="stmt"/>
      <line num="11" count="0" type="stmt"/>
      <line num="12" count="0" type="stmt"/>
      <line num="13" count="0" type="stmt"/>
      <line num="14" count="0" type="stmt"/>
      <line num="15" count="0" type="stmt"/>
      <line num="16" count="0" type="stmt"/>
      <line num="19" count="0" type="stmt"/>
      <line num="20" count="0" type="stmt"/>
      <line num="21" count="0" type="stmt"/>
      <line num="22" count="0" type="stmt"/>
      <line num="23" count="0" type="stmt"/>
      <line num="27" count="0" type="stmt"/>
      <line num="28" count="0" type="stmt"/>
      <line num="29" count="0" type="stmt"/>
      <line num="30" count="0" type="stmt"/>
      <line num="34" count="0" type="stmt"/>
      <line num="35" count="0" type="stmt"/>
      <line num="36" count="0" type="stmt"/>
      <line num="39" count="0" type="cond" truecount="0" falsecount="4"/>
      <line num="40" count="0" type="stmt"/>
      <line num="41" count="0" type="stmt"/>
      <line num="44" count="0" type="stmt"/>
      <line num="50" count="0" type="stmt"/>
      <line num="53" count="0" type="stmt"/>
      <line num="54" count="0" type="stmt"/>
      <line num="55" count="0" type="stmt"/>
      <line num="56" count="0" type="stmt"/>
      <line num="63" count="0" type="stmt"/>
      <line num="64" count="0" type="stmt"/>
      <line num="66" count="0" type="stmt"/>
      <line num="69" count="0" type="stmt"/>
      <line num="70" count="0" type="stmt"/>
      <line num="71" count="0" type="stmt"/>
      <line num="75" count="0" type="stmt"/>
      <line num="79" count="0" type="stmt"/>
      <line num="85" count="1" type="cond" truecount="1" falsecount="1"/>
      <line num="86" count="0" type="stmt"/>
      <line num="87" count="0" type="stmt"/>
    </file>
  </project>
</coverage>
