{"/Users/samcrider/workshop/offline-wrapper/cache.js": {"path":"/Users/samcrider/workshop/offline-wrapper/cache.js","statementMap":{"0":{"start":{"line":2,"column":16},"end":{"line":2,"column":37}},"1":{"start":{"line":3,"column":19},"end":{"line":3,"column":34}},"2":{"start":{"line":9,"column":4},"end":{"line":9,"column":35}},"3":{"start":{"line":13,"column":4},"end":{"line":21,"column":7}},"4":{"start":{"line":14,"column":18},"end":{"line":14,"column":44}},"5":{"start":{"line":15,"column":6},"end":{"line":15,"column":27}},"6":{"start":{"line":16,"column":6},"end":{"line":16,"column":48}},"7":{"start":{"line":16,"column":28},"end":{"line":16,"column":47}},"8":{"start":{"line":17,"column":6},"end":{"line":20,"column":8}},"9":{"start":{"line":18,"column":19},"end":{"line":18,"column":38}},"10":{"start":{"line":19,"column":8},"end":{"line":19,"column":41}},"11":{"start":{"line":25,"column":15},"end":{"line":25,"column":35}},"12":{"start":{"line":26,"column":15},"end":{"line":26,"column":54}},"13":{"start":{"line":27,"column":18},"end":{"line":27,"column":44}},"14":{"start":{"line":28,"column":16},"end":{"line":28,"column":43}},"15":{"start":{"line":31,"column":26},"end":{"line":31,"column":42}},"16":{"start":{"line":32,"column":17},"end":{"line":32,"column":38}},"17":{"start":{"line":33,"column":4},"end":{"line":40,"column":6}},"18":{"start":{"line":42,"column":4},"end":{"line":44,"column":7}},"19":{"start":{"line":43,"column":6},"end":{"line":43,"column":67}},"20":{"start":{"line":48,"column":4},"end":{"line":78,"column":5}},"21":{"start":{"line":49,"column":17},"end":{"line":49,"column":37}},"22":{"start":{"line":50,"column":17},"end":{"line":50,"column":55}},"23":{"start":{"line":51,"column":20},"end":{"line":51,"column":46}},"24":{"start":{"line":52,"column":18},"end":{"line":52,"column":45}},"25":{"start":{"line":54,"column":6},"end":{"line":74,"column":9}},"26":{"start":{"line":55,"column":20},"end":{"line":55,"column":34}},"27":{"start":{"line":56,"column":8},"end":{"line":69,"column":10}},"28":{"start":{"line":57,"column":10},"end":{"line":57,"column":48}},"29":{"start":{"line":57,"column":27},"end":{"line":57,"column":48}},"30":{"start":{"line":60,"column":10},"end":{"line":63,"column":11}},"31":{"start":{"line":61,"column":12},"end":{"line":61,"column":54}},"32":{"start":{"line":62,"column":12},"end":{"line":62,"column":33}},"33":{"start":{"line":65,"column":22},"end":{"line":67,"column":12}},"34":{"start":{"line":68,"column":10},"end":{"line":68,"column":23}},"35":{"start":{"line":70,"column":8},"end":{"line":73,"column":10}},"36":{"start":{"line":71,"column":10},"end":{"line":71,"column":66}},"37":{"start":{"line":72,"column":10},"end":{"line":72,"column":24}},"38":{"start":{"line":76,"column":6},"end":{"line":76,"column":69}},"39":{"start":{"line":77,"column":6},"end":{"line":77,"column":18}},"40":{"start":{"line":82,"column":4},"end":{"line":91,"column":5}},"41":{"start":{"line":83,"column":17},"end":{"line":83,"column":37}},"42":{"start":{"line":84,"column":17},"end":{"line":84,"column":56}},"43":{"start":{"line":85,"column":20},"end":{"line":85,"column":46}},"44":{"start":{"line":86,"column":6},"end":{"line":86,"column":24}},"45":{"start":{"line":87,"column":6},"end":{"line":87,"column":25}},"46":{"start":{"line":89,"column":6},"end":{"line":89,"column":71}},"47":{"start":{"line":90,"column":6},"end":{"line":90,"column":33}},"48":{"start":{"line":96,"column":4},"end":{"line":96,"column":38}},"49":{"start":{"line":96,"column":25},"end":{"line":96,"column":38}},"50":{"start":{"line":97,"column":16},"end":{"line":97,"column":26}},"51":{"start":{"line":98,"column":4},"end":{"line":98,"column":41}},"52":{"start":{"line":102,"column":15},"end":{"line":102,"column":35}},"53":{"start":{"line":103,"column":15},"end":{"line":103,"column":53}},"54":{"start":{"line":104,"column":18},"end":{"line":104,"column":44}},"55":{"start":{"line":106,"column":4},"end":{"line":119,"column":7}},"56":{"start":{"line":107,"column":19},"end":{"line":107,"column":21}},"57":{"start":{"line":108,"column":18},"end":{"line":108,"column":36}},"58":{"start":{"line":109,"column":6},"end":{"line":117,"column":8}},"59":{"start":{"line":110,"column":23},"end":{"line":110,"column":38}},"60":{"start":{"line":111,"column":8},"end":{"line":116,"column":9}},"61":{"start":{"line":112,"column":10},"end":{"line":112,"column":32}},"62":{"start":{"line":113,"column":10},"end":{"line":113,"column":28}},"63":{"start":{"line":115,"column":10},"end":{"line":115,"column":24}},"64":{"start":{"line":118,"column":6},"end":{"line":118,"column":38}},"65":{"start":{"line":118,"column":26},"end":{"line":118,"column":37}}},"fnMap":{"0":{"name":"(anonymous_0)","decl":{"start":{"line":8,"column":2},"end":{"line":8,"column":3}},"loc":{"start":{"line":8,"column":16},"end":{"line":10,"column":3}},"line":8},"1":{"name":"(anonymous_1)","decl":{"start":{"line":12,"column":2},"end":{"line":12,"column":3}},"loc":{"start":{"line":12,"column":17},"end":{"line":22,"column":3}},"line":12},"2":{"name":"(anonymous_2)","decl":{"start":{"line":13,"column":23},"end":{"line":13,"column":24}},"loc":{"start":{"line":13,"column":44},"end":{"line":21,"column":5}},"line":13},"3":{"name":"(anonymous_3)","decl":{"start":{"line":16,"column":22},"end":{"line":16,"column":23}},"loc":{"start":{"line":16,"column":28},"end":{"line":16,"column":47}},"line":16},"4":{"name":"(anonymous_4)","decl":{"start":{"line":17,"column":28},"end":{"line":17,"column":29}},"loc":{"start":{"line":17,"column":39},"end":{"line":20,"column":7}},"line":17},"5":{"name":"(anonymous_5)","decl":{"start":{"line":24,"column":2},"end":{"line":24,"column":3}},"loc":{"start":{"line":24,"column":37},"end":{"line":45,"column":3}},"line":24},"6":{"name":"(anonymous_6)","decl":{"start":{"line":42,"column":29},"end":{"line":42,"column":30}},"loc":{"start":{"line":42,"column":38},"end":{"line":44,"column":5}},"line":42},"7":{"name":"(anonymous_7)","decl":{"start":{"line":47,"column":2},"end":{"line":47,"column":3}},"loc":{"start":{"line":47,"column":27},"end":{"line":79,"column":3}},"line":47},"8":{"name":"(anonymous_8)","decl":{"start":{"line":54,"column":25},"end":{"line":54,"column":26}},"loc":{"start":{"line":54,"column":38},"end":{"line":74,"column":7}},"line":54},"9":{"name":"(anonymous_9)","decl":{"start":{"line":56,"column":24},"end":{"line":56,"column":25}},"loc":{"start":{"line":56,"column":30},"end":{"line":69,"column":9}},"line":56},"10":{"name":"(anonymous_10)","decl":{"start":{"line":70,"column":22},"end":{"line":70,"column":23}},"loc":{"start":{"line":70,"column":31},"end":{"line":73,"column":9}},"line":70},"11":{"name":"(anonymous_11)","decl":{"start":{"line":81,"column":2},"end":{"line":81,"column":3}},"loc":{"start":{"line":81,"column":24},"end":{"line":92,"column":3}},"line":81},"12":{"name":"(anonymous_12)","decl":{"start":{"line":95,"column":2},"end":{"line":95,"column":3}},"loc":{"start":{"line":95,"column":48},"end":{"line":99,"column":3}},"line":95},"13":{"name":"(anonymous_13)","decl":{"start":{"line":101,"column":2},"end":{"line":101,"column":3}},"loc":{"start":{"line":101,"column":18},"end":{"line":120,"column":3}},"line":101},"14":{"name":"(anonymous_14)","decl":{"start":{"line":106,"column":23},"end":{"line":106,"column":24}},"loc":{"start":{"line":106,"column":36},"end":{"line":119,"column":5}},"line":106},"15":{"name":"(anonymous_15)","decl":{"start":{"line":109,"column":22},"end":{"line":109,"column":23}},"loc":{"start":{"line":109,"column":29},"end":{"line":117,"column":7}},"line":109},"16":{"name":"(anonymous_16)","decl":{"start":{"line":118,"column":20},"end":{"line":118,"column":21}},"loc":{"start":{"line":118,"column":26},"end":{"line":118,"column":37}},"line":118}},"branchMap":{"0":{"loc":{"start":{"line":57,"column":10},"end":{"line":57,"column":48}},"type":"if","locations":[{"start":{"line":57,"column":10},"end":{"line":57,"column":48}},{"start":{},"end":{}}],"line":57},"1":{"loc":{"start":{"line":60,"column":10},"end":{"line":63,"column":11}},"type":"if","locations":[{"start":{"line":60,"column":10},"end":{"line":63,"column":11}},{"start":{},"end":{}}],"line":60},"2":{"loc":{"start":{"line":95,"column":18},"end":{"line":95,"column":46}},"type":"default-arg","locations":[{"start":{"line":95,"column":27},"end":{"line":95,"column":46}}],"line":95},"3":{"loc":{"start":{"line":96,"column":4},"end":{"line":96,"column":38}},"type":"if","locations":[{"start":{"line":96,"column":4},"end":{"line":96,"column":38}},{"start":{},"end":{}}],"line":96},"4":{"loc":{"start":{"line":111,"column":8},"end":{"line":116,"column":9}},"type":"if","locations":[{"start":{"line":111,"column":8},"end":{"line":116,"column":9}},{"start":{"line":114,"column":15},"end":{"line":116,"column":9}}],"line":111}},"s":{"0":0,"1":0,"2":0,"3":0,"4":0,"5":0,"6":0,"7":0,"8":0,"9":0,"10":0,"11":0,"12":0,"13":0,"14":0,"15":0,"16":0,"17":0,"18":0,"19":0,"20":0,"21":0,"22":0,"23":0,"24":0,"25":0,"26":0,"27":0,"28":0,"29":0,"30":0,"31":0,"32":0,"33":0,"34":0,"35":0,"36":0,"37":0,"38":0,"39":0,"40":0,"41":0,"42":0,"43":0,"44":0,"45":0,"46":0,"47":0,"48":0,"49":0,"50":0,"51":0,"52":0,"53":0,"54":0,"55":0,"56":0,"57":0,"58":0,"59":0,"60":0,"61":0,"62":0,"63":0,"64":0,"65":0},"f":{"0":0,"1":0,"2":0,"3":0,"4":0,"5":0,"6":0,"7":0,"8":0,"9":0,"10":0,"11":0,"12":0,"13":0,"14":0,"15":0,"16":0},"b":{"0":[0,0],"1":[0,0],"2":[0],"3":[0,0],"4":[0,0]}}
,"/Users/samcrider/workshop/offline-wrapper/index.js": {"path":"/Users/samcrider/workshop/offline-wrapper/index.js","statementMap":{"0":{"start":{"line":12,"column":4},"end":{"line":18,"column":6}},"1":{"start":{"line":21,"column":4},"end":{"line":21,"column":34}},"2":{"start":{"line":22,"column":4},"end":{"line":22,"column":33}},"3":{"start":{"line":23,"column":4},"end":{"line":23,"column":25}},"4":{"start":{"line":24,"column":4},"end":{"line":24,"column":37}},"5":{"start":{"line":26,"column":4},"end":{"line":32,"column":5}},"6":{"start":{"line":27,"column":6},"end":{"line":31,"column":9}},"7":{"start":{"line":35,"column":4},"end":{"line":35,"column":33}},"8":{"start":{"line":38,"column":4},"end":{"line":38,"column":26}},"9":{"start":{"line":41,"column":4},"end":{"line":41,"column":30}},"10":{"start":{"line":44,"column":4},"end":{"line":46,"column":28}},"11":{"start":{"line":45,"column":6},"end":{"line":45,"column":32}},"12":{"start":{"line":51,"column":4},"end":{"line":55,"column":5}},"13":{"start":{"line":52,"column":6},"end":{"line":54,"column":8}},"14":{"start":{"line":58,"column":4},"end":{"line":93,"column":7}},"15":{"start":{"line":59,"column":6},"end":{"line":61,"column":7}},"16":{"start":{"line":60,"column":8},"end":{"line":60,"column":29}},"17":{"start":{"line":63,"column":6},"end":{"line":92,"column":7}},"18":{"start":{"line":64,"column":22},"end":{"line":64,"column":23}},"19":{"start":{"line":65,"column":22},"end":{"line":65,"column":27}},"20":{"start":{"line":67,"column":8},"end":{"line":85,"column":9}},"21":{"start":{"line":68,"column":10},"end":{"line":84,"column":11}},"22":{"start":{"line":69,"column":27},"end":{"line":69,"column":51}},"23":{"start":{"line":70,"column":12},"end":{"line":78,"column":13}},"24":{"start":{"line":71,"column":14},"end":{"line":71,"column":29}},"25":{"start":{"line":73,"column":14},"end":{"line":73,"column":24}},"26":{"start":{"line":75,"column":14},"end":{"line":77,"column":16}},"27":{"start":{"line":76,"column":16},"end":{"line":76,"column":51}},"28":{"start":{"line":80,"column":12},"end":{"line":80,"column":61}},"29":{"start":{"line":81,"column":12},"end":{"line":81,"column":22}},"30":{"start":{"line":83,"column":12},"end":{"line":83,"column":80}},"31":{"start":{"line":83,"column":43},"end":{"line":83,"column":78}},"32":{"start":{"line":87,"column":8},"end":{"line":91,"column":9}},"33":{"start":{"line":88,"column":10},"end":{"line":88,"column":30}},"34":{"start":{"line":89,"column":15},"end":{"line":91,"column":9}},"35":{"start":{"line":90,"column":10},"end":{"line":90,"column":68}},"36":{"start":{"line":96,"column":4},"end":{"line":98,"column":7}},"37":{"start":{"line":97,"column":6},"end":{"line":97,"column":40}},"38":{"start":{"line":97,"column":19},"end":{"line":97,"column":40}},"39":{"start":{"line":100,"column":4},"end":{"line":102,"column":7}},"40":{"start":{"line":101,"column":6},"end":{"line":101,"column":40}},"41":{"start":{"line":101,"column":19},"end":{"line":101,"column":40}},"42":{"start":{"line":106,"column":26},"end":{"line":106,"column":38}},"43":{"start":{"line":109,"column":4},"end":{"line":109,"column":49}},"44":{"start":{"line":111,"column":4},"end":{"line":160,"column":6}},"45":{"start":{"line":112,"column":34},"end":{"line":112,"column":38}},"46":{"start":{"line":113,"column":21},"end":{"line":113,"column":59}},"47":{"start":{"line":115,"column":6},"end":{"line":159,"column":7}},"48":{"start":{"line":116,"column":8},"end":{"line":145,"column":9}},"49":{"start":{"line":117,"column":27},"end":{"line":117,"column":55}},"50":{"start":{"line":119,"column":10},"end":{"line":125,"column":11}},"51":{"start":{"line":120,"column":12},"end":{"line":124,"column":16}},"52":{"start":{"line":123,"column":16},"end":{"line":123,"column":76}},"53":{"start":{"line":127,"column":10},"end":{"line":127,"column":26}},"54":{"start":{"line":129,"column":10},"end":{"line":129,"column":74}},"55":{"start":{"line":131,"column":10},"end":{"line":134,"column":11}},"56":{"start":{"line":132,"column":12},"end":{"line":132,"column":37}},"57":{"start":{"line":133,"column":12},"end":{"line":133,"column":69}},"58":{"start":{"line":133,"column":25},"end":{"line":133,"column":69}},"59":{"start":{"line":137,"column":10},"end":{"line":140,"column":11}},"60":{"start":{"line":138,"column":27},"end":{"line":138,"column":55}},"61":{"start":{"line":139,"column":12},"end":{"line":139,"column":38}},"62":{"start":{"line":139,"column":24},"end":{"line":139,"column":38}},"63":{"start":{"line":142,"column":10},"end":{"line":144,"column":12}},"64":{"start":{"line":148,"column":8},"end":{"line":151,"column":9}},"65":{"start":{"line":149,"column":25},"end":{"line":149,"column":53}},"66":{"start":{"line":150,"column":10},"end":{"line":150,"column":36}},"67":{"start":{"line":150,"column":22},"end":{"line":150,"column":36}},"68":{"start":{"line":153,"column":8},"end":{"line":156,"column":9}},"69":{"start":{"line":154,"column":10},"end":{"line":154,"column":35}},"70":{"start":{"line":155,"column":10},"end":{"line":155,"column":73}},"71":{"start":{"line":155,"column":23},"end":{"line":155,"column":73}},"72":{"start":{"line":158,"column":8},"end":{"line":158,"column":44}},"73":{"start":{"line":165,"column":4},"end":{"line":167,"column":5}},"74":{"start":{"line":166,"column":6},"end":{"line":166,"column":38}},"75":{"start":{"line":174,"column":4},"end":{"line":177,"column":5}},"76":{"start":{"line":175,"column":6},"end":{"line":175,"column":63}},"77":{"start":{"line":176,"column":6},"end":{"line":176,"column":19}},"78":{"start":{"line":179,"column":4},"end":{"line":179,"column":38}},"79":{"start":{"line":179,"column":17},"end":{"line":179,"column":38}},"80":{"start":{"line":181,"column":4},"end":{"line":195,"column":5}},"81":{"start":{"line":182,"column":21},"end":{"line":182,"column":45}},"82":{"start":{"line":183,"column":6},"end":{"line":189,"column":7}},"83":{"start":{"line":184,"column":8},"end":{"line":188,"column":9}},"84":{"start":{"line":185,"column":10},"end":{"line":185,"column":30}},"85":{"start":{"line":187,"column":10},"end":{"line":187,"column":73}},"86":{"start":{"line":190,"column":6},"end":{"line":190,"column":28}},"87":{"start":{"line":192,"column":6},"end":{"line":192,"column":62}},"88":{"start":{"line":193,"column":6},"end":{"line":193,"column":38}},"89":{"start":{"line":193,"column":19},"end":{"line":193,"column":38}},"90":{"start":{"line":194,"column":6},"end":{"line":194,"column":19}},"91":{"start":{"line":200,"column":4},"end":{"line":202,"column":5}},"92":{"start":{"line":201,"column":6},"end":{"line":201,"column":46}},"93":{"start":{"line":205,"column":4},"end":{"line":207,"column":5}},"94":{"start":{"line":206,"column":6},"end":{"line":206,"column":24}},"95":{"start":{"line":210,"column":4},"end":{"line":210,"column":17}},"96":{"start":{"line":213,"column":4},"end":{"line":215,"column":5}},"97":{"start":{"line":214,"column":6},"end":{"line":214,"column":50}},"98":{"start":{"line":218,"column":4},"end":{"line":218,"column":19}}},"fnMap":{"0":{"name":"(anonymous_0)","decl":{"start":{"line":11,"column":2},"end":{"line":11,"column":3}},"loc":{"start":{"line":11,"column":28},"end":{"line":47,"column":3}},"line":11},"1":{"name":"(anonymous_1)","decl":{"start":{"line":44,"column":43},"end":{"line":44,"column":44}},"loc":{"start":{"line":44,"column":49},"end":{"line":46,"column":5}},"line":44},"2":{"name":"(anonymous_2)","decl":{"start":{"line":49,"column":2},"end":{"line":49,"column":3}},"loc":{"start":{"line":49,"column":26},"end":{"line":103,"column":3}},"line":49},"3":{"name":"(anonymous_3)","decl":{"start":{"line":58,"column":16},"end":{"line":58,"column":17}},"loc":{"start":{"line":58,"column":28},"end":{"line":93,"column":5}},"line":58},"4":{"name":"(anonymous_4)","decl":{"start":{"line":75,"column":32},"end":{"line":75,"column":33}},"loc":{"start":{"line":76,"column":16},"end":{"line":76,"column":51}},"line":76},"5":{"name":"(anonymous_5)","decl":{"start":{"line":83,"column":30},"end":{"line":83,"column":31}},"loc":{"start":{"line":83,"column":43},"end":{"line":83,"column":78}},"line":83},"6":{"name":"(anonymous_6)","decl":{"start":{"line":96,"column":39},"end":{"line":96,"column":40}},"loc":{"start":{"line":96,"column":45},"end":{"line":98,"column":5}},"line":96},"7":{"name":"(anonymous_7)","decl":{"start":{"line":100,"column":38},"end":{"line":100,"column":39}},"loc":{"start":{"line":100,"column":44},"end":{"line":102,"column":5}},"line":100},"8":{"name":"(anonymous_8)","decl":{"start":{"line":105,"column":2},"end":{"line":105,"column":3}},"loc":{"start":{"line":105,"column":19},"end":{"line":161,"column":3}},"line":105},"9":{"name":"(anonymous_9)","decl":{"start":{"line":111,"column":19},"end":{"line":111,"column":20}},"loc":{"start":{"line":111,"column":38},"end":{"line":160,"column":5}},"line":111},"10":{"name":"(anonymous_10)","decl":{"start":{"line":122,"column":21},"end":{"line":122,"column":22}},"loc":{"start":{"line":123,"column":16},"end":{"line":123,"column":76}},"line":123},"11":{"name":"(anonymous_11)","decl":{"start":{"line":163,"column":2},"end":{"line":163,"column":3}},"loc":{"start":{"line":163,"column":23},"end":{"line":170,"column":3}},"line":163},"12":{"name":"(anonymous_12)","decl":{"start":{"line":173,"column":2},"end":{"line":173,"column":3}},"loc":{"start":{"line":173,"column":18},"end":{"line":196,"column":3}},"line":173},"13":{"name":"(anonymous_13)","decl":{"start":{"line":198,"column":2},"end":{"line":198,"column":3}},"loc":{"start":{"line":198,"column":12},"end":{"line":219,"column":3}},"line":198}},"branchMap":{"0":{"loc":{"start":{"line":11,"column":14},"end":{"line":11,"column":26}},"type":"default-arg","locations":[{"start":{"line":11,"column":24},"end":{"line":11,"column":26}}],"line":11},"1":{"loc":{"start":{"line":26,"column":4},"end":{"line":32,"column":5}},"type":"if","locations":[{"start":{"line":26,"column":4},"end":{"line":32,"column":5}},{"start":{},"end":{}}],"line":26},"2":{"loc":{"start":{"line":51,"column":4},"end":{"line":55,"column":5}},"type":"if","locations":[{"start":{"line":51,"column":4},"end":{"line":55,"column":5}},{"start":{},"end":{}}],"line":51},"3":{"loc":{"start":{"line":53,"column":8},"end":{"line":53,"column":67}},"type":"cond-expr","locations":[{"start":{"line":53,"column":27},"end":{"line":53,"column":38}},{"start":{"line":53,"column":41},"end":{"line":53,"column":67}}],"line":53},"4":{"loc":{"start":{"line":59,"column":6},"end":{"line":61,"column":7}},"type":"if","locations":[{"start":{"line":59,"column":6},"end":{"line":61,"column":7}},{"start":{},"end":{}}],"line":59},"5":{"loc":{"start":{"line":63,"column":6},"end":{"line":92,"column":7}},"type":"if","locations":[{"start":{"line":63,"column":6},"end":{"line":92,"column":7}},{"start":{},"end":{}}],"line":63},"6":{"loc":{"start":{"line":67,"column":15},"end":{"line":67,"column":60}},"type":"binary-expr","locations":[{"start":{"line":67,"column":15},"end":{"line":67,"column":48}},{"start":{"line":67,"column":52},"end":{"line":67,"column":60}}],"line":67},"7":{"loc":{"start":{"line":70,"column":12},"end":{"line":78,"column":13}},"type":"if","locations":[{"start":{"line":70,"column":12},"end":{"line":78,"column":13}},{"start":{"line":72,"column":19},"end":{"line":78,"column":13}}],"line":70},"8":{"loc":{"start":{"line":70,"column":16},"end":{"line":70,"column":40}},"type":"binary-expr","locations":[{"start":{"line":70,"column":16},"end":{"line":70,"column":22}},{"start":{"line":70,"column":26},"end":{"line":70,"column":40}}],"line":70},"9":{"loc":{"start":{"line":87,"column":8},"end":{"line":91,"column":9}},"type":"if","locations":[{"start":{"line":87,"column":8},"end":{"line":91,"column":9}},{"start":{"line":89,"column":15},"end":{"line":91,"column":9}}],"line":87},"10":{"loc":{"start":{"line":87,"column":12},"end":{"line":87,"column":30}},"type":"binary-expr","locations":[{"start":{"line":87,"column":12},"end":{"line":87,"column":19}},{"start":{"line":87,"column":23},"end":{"line":87,"column":30}}],"line":87},"11":{"loc":{"start":{"line":89,"column":15},"end":{"line":91,"column":9}},"type":"if","locations":[{"start":{"line":89,"column":15},"end":{"line":91,"column":9}},{"start":{},"end":{}}],"line":89},"12":{"loc":{"start":{"line":97,"column":6},"end":{"line":97,"column":40}},"type":"if","locations":[{"start":{"line":97,"column":6},"end":{"line":97,"column":40}},{"start":{},"end":{}}],"line":97},"13":{"loc":{"start":{"line":101,"column":6},"end":{"line":101,"column":40}},"type":"if","locations":[{"start":{"line":101,"column":6},"end":{"line":101,"column":40}},{"start":{},"end":{}}],"line":101},"14":{"loc":{"start":{"line":112,"column":18},"end":{"line":112,"column":30}},"type":"default-arg","locations":[{"start":{"line":112,"column":28},"end":{"line":112,"column":30}}],"line":112},"15":{"loc":{"start":{"line":113,"column":21},"end":{"line":113,"column":59}},"type":"binary-expr","locations":[{"start":{"line":113,"column":21},"end":{"line":113,"column":50}},{"start":{"line":113,"column":54},"end":{"line":113,"column":59}}],"line":113},"16":{"loc":{"start":{"line":115,"column":6},"end":{"line":159,"column":7}},"type":"if","locations":[{"start":{"line":115,"column":6},"end":{"line":159,"column":7}},{"start":{"line":146,"column":13},"end":{"line":159,"column":7}}],"line":115},"17":{"loc":{"start":{"line":119,"column":10},"end":{"line":125,"column":11}},"type":"if","locations":[{"start":{"line":119,"column":10},"end":{"line":125,"column":11}},{"start":{},"end":{}}],"line":119},"18":{"loc":{"start":{"line":119,"column":14},"end":{"line":119,"column":45}},"type":"binary-expr","locations":[{"start":{"line":119,"column":14},"end":{"line":119,"column":30}},{"start":{"line":119,"column":34},"end":{"line":119,"column":45}}],"line":119},"19":{"loc":{"start":{"line":131,"column":10},"end":{"line":134,"column":11}},"type":"if","locations":[{"start":{"line":131,"column":10},"end":{"line":134,"column":11}},{"start":{},"end":{}}],"line":131},"20":{"loc":{"start":{"line":133,"column":12},"end":{"line":133,"column":69}},"type":"if","locations":[{"start":{"line":133,"column":12},"end":{"line":133,"column":69}},{"start":{},"end":{}}],"line":133},"21":{"loc":{"start":{"line":137,"column":10},"end":{"line":140,"column":11}},"type":"if","locations":[{"start":{"line":137,"column":10},"end":{"line":140,"column":11}},{"start":{},"end":{}}],"line":137},"22":{"loc":{"start":{"line":139,"column":12},"end":{"line":139,"column":38}},"type":"if","locations":[{"start":{"line":139,"column":12},"end":{"line":139,"column":38}},{"start":{},"end":{}}],"line":139},"23":{"loc":{"start":{"line":143,"column":23},"end":{"line":143,"column":61}},"type":"cond-expr","locations":[{"start":{"line":143,"column":42},"end":{"line":143,"column":50}},{"start":{"line":143,"column":53},"end":{"line":143,"column":61}}],"line":143},"24":{"loc":{"start":{"line":148,"column":8},"end":{"line":151,"column":9}},"type":"if","locations":[{"start":{"line":148,"column":8},"end":{"line":151,"column":9}},{"start":{},"end":{}}],"line":148},"25":{"loc":{"start":{"line":150,"column":10},"end":{"line":150,"column":36}},"type":"if","locations":[{"start":{"line":150,"column":10},"end":{"line":150,"column":36}},{"start":{},"end":{}}],"line":150},"26":{"loc":{"start":{"line":153,"column":8},"end":{"line":156,"column":9}},"type":"if","locations":[{"start":{"line":153,"column":8},"end":{"line":156,"column":9}},{"start":{},"end":{}}],"line":153},"27":{"loc":{"start":{"line":155,"column":10},"end":{"line":155,"column":73}},"type":"if","locations":[{"start":{"line":155,"column":10},"end":{"line":155,"column":73}},{"start":{},"end":{}}],"line":155},"28":{"loc":{"start":{"line":165,"column":4},"end":{"line":167,"column":5}},"type":"if","locations":[{"start":{"line":165,"column":4},"end":{"line":167,"column":5}},{"start":{},"end":{}}],"line":165},"29":{"loc":{"start":{"line":174,"column":4},"end":{"line":177,"column":5}},"type":"if","locations":[{"start":{"line":174,"column":4},"end":{"line":177,"column":5}},{"start":{},"end":{}}],"line":174},"30":{"loc":{"start":{"line":179,"column":4},"end":{"line":179,"column":38}},"type":"if","locations":[{"start":{"line":179,"column":4},"end":{"line":179,"column":38}},{"start":{},"end":{}}],"line":179},"31":{"loc":{"start":{"line":183,"column":6},"end":{"line":189,"column":7}},"type":"if","locations":[{"start":{"line":183,"column":6},"end":{"line":189,"column":7}},{"start":{},"end":{}}],"line":183},"32":{"loc":{"start":{"line":184,"column":8},"end":{"line":188,"column":9}},"type":"if","locations":[{"start":{"line":184,"column":8},"end":{"line":188,"column":9}},{"start":{"line":186,"column":15},"end":{"line":188,"column":9}}],"line":184},"33":{"loc":{"start":{"line":193,"column":6},"end":{"line":193,"column":38}},"type":"if","locations":[{"start":{"line":193,"column":6},"end":{"line":193,"column":38}},{"start":{},"end":{}}],"line":193},"34":{"loc":{"start":{"line":200,"column":4},"end":{"line":202,"column":5}},"type":"if","locations":[{"start":{"line":200,"column":4},"end":{"line":202,"column":5}},{"start":{},"end":{}}],"line":200},"35":{"loc":{"start":{"line":205,"column":4},"end":{"line":207,"column":5}},"type":"if","locations":[{"start":{"line":205,"column":4},"end":{"line":207,"column":5}},{"start":{},"end":{}}],"line":205},"36":{"loc":{"start":{"line":213,"column":4},"end":{"line":215,"column":5}},"type":"if","locations":[{"start":{"line":213,"column":4},"end":{"line":215,"column":5}},{"start":{},"end":{}}],"line":213}},"s":{"0":4,"1":4,"2":4,"3":4,"4":4,"5":4,"6":3,"7":4,"8":4,"9":4,"10":4,"11":0,"12":4,"13":3,"14":4,"15":0,"16":0,"17":0,"18":0,"19":0,"20":0,"21":0,"22":0,"23":0,"24":0,"25":0,"26":0,"27":0,"28":0,"29":0,"30":0,"31":0,"32":0,"33":0,"34":0,"35":0,"36":4,"37":0,"38":0,"39":4,"40":0,"41":0,"42":4,"43":4,"44":4,"45":0,"46":0,"47":0,"48":0,"49":0,"50":0,"51":0,"52":0,"53":0,"54":0,"55":0,"56":0,"57":0,"58":0,"59":0,"60":0,"61":0,"62":0,"63":0,"64":0,"65":0,"66":0,"67":0,"68":0,"69":0,"70":0,"71":0,"72":0,"73":4,"74":4,"75":0,"76":0,"77":0,"78":0,"79":0,"80":0,"81":0,"82":0,"83":0,"84":0,"85":0,"86":0,"87":0,"88":0,"89":0,"90":0,"91":1,"92":1,"93":1,"94":1,"95":1,"96":1,"97":0,"98":1},"f":{"0":4,"1":0,"2":4,"3":0,"4":0,"5":0,"6":0,"7":0,"8":4,"9":0,"10":0,"11":4,"12":0,"13":1},"b":{"0":[3],"1":[3,1],"2":[3,1],"3":[3,0],"4":[0,0],"5":[0,0],"6":[0,0],"7":[0,0],"8":[0,0],"9":[0,0],"10":[0,0],"11":[0,0],"12":[0,0],"13":[0,0],"14":[0],"15":[0,0],"16":[0,0],"17":[0,0],"18":[0,0],"19":[0,0],"20":[0,0],"21":[0,0],"22":[0,0],"23":[0,0],"24":[0,0],"25":[0,0],"26":[0,0],"27":[0,0],"28":[4,0],"29":[0,0],"30":[0,0],"31":[0,0],"32":[0,0],"33":[0,0],"34":[1,0],"35":[1,0],"36":[0,1]},"_coverageSchema":"1a1c01bbd47fc00a2c39e90264f33305004495a9","hash":"40967e9873122635dfb0cca3f337b658c41031f7"}
,"/Users/samcrider/workshop/offline-wrapper/inputTracker.js": {"path":"/Users/samcrider/workshop/offline-wrapper/inputTracker.js","statementMap":{"0":{"start":{"line":1,"column":17},"end":{"line":1,"column":42}},"1":{"start":{"line":5,"column":4},"end":{"line":5,"column":19}},"2":{"start":{"line":7,"column":4},"end":{"line":16,"column":7}},"3":{"start":{"line":8,"column":6},"end":{"line":14,"column":15}},"4":{"start":{"line":14,"column":8},"end":{"line":14,"column":15}},"5":{"start":{"line":15,"column":6},"end":{"line":15,"column":26}},"6":{"start":{"line":19,"column":4},"end":{"line":23,"column":7}},"7":{"start":{"line":20,"column":6},"end":{"line":22,"column":7}},"8":{"start":{"line":21,"column":8},"end":{"line":21,"column":39}},"9":{"start":{"line":27,"column":19},"end":{"line":27,"column":69}},"10":{"start":{"line":28,"column":16},"end":{"line":28,"column":31}},"11":{"start":{"line":29,"column":4},"end":{"line":29,"column":27}},"12":{"start":{"line":30,"column":4},"end":{"line":30,"column":59}},"13":{"start":{"line":34,"column":19},"end":{"line":34,"column":69}},"14":{"start":{"line":35,"column":4},"end":{"line":38,"column":5}},"15":{"start":{"line":36,"column":17},"end":{"line":36,"column":69}},"16":{"start":{"line":37,"column":6},"end":{"line":37,"column":29}},"17":{"start":{"line":37,"column":14},"end":{"line":37,"column":29}},"18":{"start":{"line":42,"column":19},"end":{"line":42,"column":69}},"19":{"start":{"line":43,"column":18},"end":{"line":43,"column":23}},"20":{"start":{"line":45,"column":4},"end":{"line":51,"column":7}},"21":{"start":{"line":46,"column":18},"end":{"line":46,"column":38}},"22":{"start":{"line":47,"column":6},"end":{"line":50,"column":7}},"23":{"start":{"line":48,"column":8},"end":{"line":48,"column":27}},"24":{"start":{"line":49,"column":8},"end":{"line":49,"column":23}},"25":{"start":{"line":53,"column":4},"end":{"line":55,"column":5}},"26":{"start":{"line":54,"column":6},"end":{"line":54,"column":61}},"27":{"start":{"line":61,"column":4},"end":{"line":74,"column":5}},"28":{"start":{"line":62,"column":21},"end":{"line":62,"column":71}},"29":{"start":{"line":65,"column":6},"end":{"line":69,"column":9}},"30":{"start":{"line":66,"column":8},"end":{"line":68,"column":9}},"31":{"start":{"line":67,"column":10},"end":{"line":67,"column":29}},"32":{"start":{"line":71,"column":6},"end":{"line":71,"column":61}},"33":{"start":{"line":73,"column":6},"end":{"line":73,"column":69}},"34":{"start":{"line":78,"column":4},"end":{"line":80,"column":5}},"35":{"start":{"line":79,"column":6},"end":{"line":79,"column":49}},"36":{"start":{"line":81,"column":4},"end":{"line":81,"column":32}}},"fnMap":{"0":{"name":"(anonymous_0)","decl":{"start":{"line":4,"column":2},"end":{"line":4,"column":3}},"loc":{"start":{"line":4,"column":16},"end":{"line":24,"column":3}},"line":4},"1":{"name":"(anonymous_1)","decl":{"start":{"line":7,"column":39},"end":{"line":7,"column":40}},"loc":{"start":{"line":7,"column":46},"end":{"line":16,"column":5}},"line":7},"2":{"name":"(anonymous_2)","decl":{"start":{"line":19,"column":40},"end":{"line":19,"column":41}},"loc":{"start":{"line":19,"column":47},"end":{"line":23,"column":5}},"line":19},"3":{"name":"(anonymous_3)","decl":{"start":{"line":26,"column":2},"end":{"line":26,"column":3}},"loc":{"start":{"line":26,"column":11},"end":{"line":31,"column":3}},"line":26},"4":{"name":"(anonymous_4)","decl":{"start":{"line":33,"column":2},"end":{"line":33,"column":3}},"loc":{"start":{"line":33,"column":12},"end":{"line":39,"column":3}},"line":33},"5":{"name":"(anonymous_5)","decl":{"start":{"line":41,"column":2},"end":{"line":41,"column":3}},"loc":{"start":{"line":41,"column":24},"end":{"line":56,"column":3}},"line":41},"6":{"name":"(anonymous_6)","decl":{"start":{"line":45,"column":53},"end":{"line":45,"column":54}},"loc":{"start":{"line":45,"column":61},"end":{"line":51,"column":5}},"line":45},"7":{"name":"(anonymous_7)","decl":{"start":{"line":59,"column":2},"end":{"line":59,"column":3}},"loc":{"start":{"line":59,"column":54},"end":{"line":75,"column":3}},"line":59},"8":{"name":"(anonymous_8)","decl":{"start":{"line":65,"column":34},"end":{"line":65,"column":35}},"loc":{"start":{"line":65,"column":43},"end":{"line":69,"column":7}},"line":65},"9":{"name":"(anonymous_9)","decl":{"start":{"line":77,"column":2},"end":{"line":77,"column":3}},"loc":{"start":{"line":77,"column":13},"end":{"line":82,"column":3}},"line":77}},"branchMap":{"0":{"loc":{"start":{"line":8,"column":6},"end":{"line":14,"column":15}},"type":"if","locations":[{"start":{"line":8,"column":6},"end":{"line":14,"column":15}},{"start":{},"end":{}}],"line":8},"1":{"loc":{"start":{"line":10,"column":10},"end":{"line":11,"column":49}},"type":"binary-expr","locations":[{"start":{"line":10,"column":10},"end":{"line":10,"column":46}},{"start":{"line":11,"column":10},"end":{"line":11,"column":49}}],"line":10},"2":{"loc":{"start":{"line":20,"column":6},"end":{"line":22,"column":7}},"type":"if","locations":[{"start":{"line":20,"column":6},"end":{"line":22,"column":7}},{"start":{},"end":{}}],"line":20},"3":{"loc":{"start":{"line":27,"column":30},"end":{"line":27,"column":68}},"type":"binary-expr","locations":[{"start":{"line":27,"column":30},"end":{"line":27,"column":60}},{"start":{"line":27,"column":64},"end":{"line":27,"column":68}}],"line":27},"4":{"loc":{"start":{"line":34,"column":30},"end":{"line":34,"column":68}},"type":"binary-expr","locations":[{"start":{"line":34,"column":30},"end":{"line":34,"column":60}},{"start":{"line":34,"column":64},"end":{"line":34,"column":68}}],"line":34},"5":{"loc":{"start":{"line":37,"column":6},"end":{"line":37,"column":29}},"type":"if","locations":[{"start":{"line":37,"column":6},"end":{"line":37,"column":29}},{"start":{},"end":{}}],"line":37},"6":{"loc":{"start":{"line":42,"column":30},"end":{"line":42,"column":68}},"type":"binary-expr","locations":[{"start":{"line":42,"column":30},"end":{"line":42,"column":60}},{"start":{"line":42,"column":64},"end":{"line":42,"column":68}}],"line":42},"7":{"loc":{"start":{"line":47,"column":6},"end":{"line":50,"column":7}},"type":"if","locations":[{"start":{"line":47,"column":6},"end":{"line":50,"column":7}},{"start":{},"end":{}}],"line":47},"8":{"loc":{"start":{"line":47,"column":10},"end":{"line":47,"column":28}},"type":"binary-expr","locations":[{"start":{"line":47,"column":10},"end":{"line":47,"column":13}},{"start":{"line":47,"column":17},"end":{"line":47,"column":28}}],"line":47},"9":{"loc":{"start":{"line":53,"column":4},"end":{"line":55,"column":5}},"type":"if","locations":[{"start":{"line":53,"column":4},"end":{"line":55,"column":5}},{"start":{},"end":{}}],"line":53},"10":{"loc":{"start":{"line":59,"column":20},"end":{"line":59,"column":52}},"type":"default-arg","locations":[{"start":{"line":59,"column":29},"end":{"line":59,"column":52}}],"line":59},"11":{"loc":{"start":{"line":62,"column":32},"end":{"line":62,"column":70}},"type":"binary-expr","locations":[{"start":{"line":62,"column":32},"end":{"line":62,"column":62}},{"start":{"line":62,"column":66},"end":{"line":62,"column":70}}],"line":62},"12":{"loc":{"start":{"line":66,"column":8},"end":{"line":68,"column":9}},"type":"if","locations":[{"start":{"line":66,"column":8},"end":{"line":68,"column":9}},{"start":{},"end":{}}],"line":66},"13":{"loc":{"start":{"line":78,"column":4},"end":{"line":80,"column":5}},"type":"if","locations":[{"start":{"line":78,"column":4},"end":{"line":80,"column":5}},{"start":{},"end":{}}],"line":78}},"s":{"0":0,"1":0,"2":0,"3":0,"4":0,"5":0,"6":0,"7":0,"8":0,"9":0,"10":0,"11":0,"12":0,"13":0,"14":0,"15":0,"16":0,"17":0,"18":0,"19":0,"20":0,"21":0,"22":0,"23":0,"24":0,"25":0,"26":0,"27":0,"28":0,"29":0,"30":0,"31":0,"32":0,"33":0,"34":0,"35":0,"36":0},"f":{"0":0,"1":0,"2":0,"3":0,"4":0,"5":0,"6":0,"7":0,"8":0,"9":0},"b":{"0":[0,0],"1":[0,0],"2":[0,0],"3":[0,0],"4":[0,0],"5":[0,0],"6":[0,0],"7":[0,0],"8":[0,0],"9":[0,0],"10":[0],"11":[0,0],"12":[0,0],"13":[0,0]}}
,"/Users/samcrider/workshop/offline-wrapper/network.js": {"path":"/Users/samcrider/workshop/offline-wrapper/network.js","statementMap":{"0":{"start":{"line":2,"column":31},"end":{"line":2,"column":69}},"1":{"start":{"line":3,"column":28},"end":{"line":3,"column":44}},"2":{"start":{"line":4,"column":16},"end":{"line":4,"column":18}},"3":{"start":{"line":8,"column":2},"end":{"line":23,"column":3}},"4":{"start":{"line":9,"column":23},"end":{"line":9,"column":44}},"5":{"start":{"line":10,"column":22},"end":{"line":10,"column":64}},"6":{"start":{"line":10,"column":39},"end":{"line":10,"column":57}},"7":{"start":{"line":12,"column":21},"end":{"line":17,"column":6}},"8":{"start":{"line":19,"column":4},"end":{"line":19,"column":28}},"9":{"start":{"line":20,"column":4},"end":{"line":20,"column":16}},"10":{"start":{"line":22,"column":4},"end":{"line":22,"column":17}},"11":{"start":{"line":28,"column":2},"end":{"line":30,"column":3}},"12":{"start":{"line":29,"column":4},"end":{"line":29,"column":29}},"13":{"start":{"line":33,"column":2},"end":{"line":35,"column":3}},"14":{"start":{"line":34,"column":4},"end":{"line":34,"column":33}},"15":{"start":{"line":40,"column":2},"end":{"line":40,"column":56}},"16":{"start":{"line":40,"column":39},"end":{"line":40,"column":54}},"17":{"start":{"line":46,"column":2},"end":{"line":46,"column":52}},"18":{"start":{"line":47,"column":2},"end":{"line":49,"column":5}},"19":{"start":{"line":48,"column":4},"end":{"line":48,"column":34}},"20":{"start":{"line":52,"column":2},"end":{"line":52,"column":37}},"21":{"start":{"line":57,"column":22},"end":{"line":57,"column":47}},"22":{"start":{"line":60,"column":2},"end":{"line":68,"column":3}},"23":{"start":{"line":61,"column":4},"end":{"line":67,"column":7}},"24":{"start":{"line":62,"column":6},"end":{"line":66,"column":7}},"25":{"start":{"line":63,"column":8},"end":{"line":63,"column":19}},"26":{"start":{"line":65,"column":8},"end":{"line":65,"column":72}},"27":{"start":{"line":70,"column":2},"end":{"line":70,"column":38}},"28":{"start":{"line":75,"column":2},"end":{"line":75,"column":31}},"29":{"start":{"line":79,"column":0},"end":{"line":79,"column":17}}},"fnMap":{"0":{"name":"checkConnectivity","decl":{"start":{"line":7,"column":22},"end":{"line":7,"column":39}},"loc":{"start":{"line":7,"column":42},"end":{"line":24,"column":1}},"line":7},"1":{"name":"(anonymous_1)","decl":{"start":{"line":10,"column":33},"end":{"line":10,"column":34}},"loc":{"start":{"line":10,"column":39},"end":{"line":10,"column":57}},"line":10},"2":{"name":"onReconnect","decl":{"start":{"line":27,"column":16},"end":{"line":27,"column":27}},"loc":{"start":{"line":27,"column":38},"end":{"line":36,"column":1}},"line":27},"3":{"name":"offReconnect","decl":{"start":{"line":39,"column":16},"end":{"line":39,"column":28}},"loc":{"start":{"line":39,"column":39},"end":{"line":41,"column":1}},"line":39},"4":{"name":"(anonymous_4)","decl":{"start":{"line":40,"column":31},"end":{"line":40,"column":32}},"loc":{"start":{"line":40,"column":39},"end":{"line":40,"column":54}},"line":40},"5":{"name":"setupConnectivityListeners","decl":{"start":{"line":44,"column":9},"end":{"line":44,"column":35}},"loc":{"start":{"line":44,"column":38},"end":{"line":53,"column":1}},"line":44},"6":{"name":"(anonymous_6)","decl":{"start":{"line":47,"column":37},"end":{"line":47,"column":38}},"loc":{"start":{"line":47,"column":43},"end":{"line":49,"column":3}},"line":47},"7":{"name":"checkAndNotify","decl":{"start":{"line":56,"column":15},"end":{"line":56,"column":29}},"loc":{"start":{"line":56,"column":32},"end":{"line":71,"column":1}},"line":56},"8":{"name":"(anonymous_8)","decl":{"start":{"line":61,"column":22},"end":{"line":61,"column":23}},"loc":{"start":{"line":61,"column":36},"end":{"line":67,"column":5}},"line":61},"9":{"name":"isOnline","decl":{"start":{"line":74,"column":16},"end":{"line":74,"column":24}},"loc":{"start":{"line":74,"column":27},"end":{"line":76,"column":1}},"line":74}},"branchMap":{"0":{"loc":{"start":{"line":28,"column":2},"end":{"line":30,"column":3}},"type":"if","locations":[{"start":{"line":28,"column":2},"end":{"line":30,"column":3}},{"start":{},"end":{}}],"line":28},"1":{"loc":{"start":{"line":33,"column":2},"end":{"line":35,"column":3}},"type":"if","locations":[{"start":{"line":33,"column":2},"end":{"line":35,"column":3}},{"start":{},"end":{}}],"line":33},"2":{"loc":{"start":{"line":60,"column":2},"end":{"line":68,"column":3}},"type":"if","locations":[{"start":{"line":60,"column":2},"end":{"line":68,"column":3}},{"start":{},"end":{}}],"line":60},"3":{"loc":{"start":{"line":60,"column":6},"end":{"line":60,"column":43}},"type":"binary-expr","locations":[{"start":{"line":60,"column":6},"end":{"line":60,"column":17}},{"start":{"line":60,"column":21},"end":{"line":60,"column":43}}],"line":60}},"s":{"0":3,"1":3,"2":3,"3":6,"4":6,"5":6,"6":0,"7":6,"8":4,"9":4,"10":2,"11":3,"12":3,"13":3,"14":1,"15":1,"16":3,"17":1,"18":1,"19":0,"20":1,"21":3,"22":3,"23":0,"24":0,"25":0,"26":0,"27":3,"28":1,"29":3},"f":{"0":6,"1":0,"2":3,"3":1,"4":3,"5":1,"6":0,"7":3,"8":0,"9":1},"b":{"0":[3,0],"1":[1,2],"2":[0,3],"3":[3,3]},"_coverageSchema":"1a1c01bbd47fc00a2c39e90264f33305004495a9","hash":"62aaf7b37acbda07ddd31c13ba896a0680afbd8e"}
,"/Users/samcrider/workshop/offline-wrapper/queue.js": {"path":"/Users/samcrider/workshop/offline-wrapper/queue.js","statementMap":{"0":{"start":{"line":2,"column":18},"end":{"line":2,"column":39}},"1":{"start":{"line":6,"column":4},"end":{"line":12,"column":5}},"2":{"start":{"line":7,"column":20},"end":{"line":7,"column":51}},"3":{"start":{"line":8,"column":6},"end":{"line":8,"column":50}},"4":{"start":{"line":10,"column":6},"end":{"line":10,"column":64}},"5":{"start":{"line":11,"column":6},"end":{"line":11,"column":22}},"6":{"start":{"line":16,"column":4},"end":{"line":19,"column":5}},"7":{"start":{"line":17,"column":6},"end":{"line":17,"column":78}},"8":{"start":{"line":18,"column":6},"end":{"line":18,"column":13}},"9":{"start":{"line":21,"column":4},"end":{"line":27,"column":5}},"10":{"start":{"line":22,"column":6},"end":{"line":22,"column":64}},"11":{"start":{"line":23,"column":6},"end":{"line":23,"column":35}},"12":{"start":{"line":24,"column":6},"end":{"line":24,"column":21}},"13":{"start":{"line":26,"column":6},"end":{"line":26,"column":69}},"14":{"start":{"line":31,"column":4},"end":{"line":31,"column":62}},"15":{"start":{"line":32,"column":4},"end":{"line":32,"column":58}},"16":{"start":{"line":32,"column":33},"end":{"line":32,"column":58}},"17":{"start":{"line":34,"column":21},"end":{"line":34,"column":23}},"18":{"start":{"line":35,"column":21},"end":{"line":35,"column":23}},"19":{"start":{"line":37,"column":4},"end":{"line":64,"column":5}},"20":{"start":{"line":38,"column":6},"end":{"line":51,"column":7}},"21":{"start":{"line":39,"column":8},"end":{"line":50,"column":9}},"22":{"start":{"line":40,"column":10},"end":{"line":40,"column":31}},"23":{"start":{"line":41,"column":10},"end":{"line":41,"column":56}},"24":{"start":{"line":43,"column":10},"end":{"line":47,"column":12}},"25":{"start":{"line":48,"column":10},"end":{"line":48,"column":54}},"26":{"start":{"line":49,"column":10},"end":{"line":49,"column":30}},"27":{"start":{"line":53,"column":6},"end":{"line":53,"column":28}},"28":{"start":{"line":54,"column":6},"end":{"line":54,"column":21}},"29":{"start":{"line":56,"column":6},"end":{"line":60,"column":8}},"30":{"start":{"line":62,"column":6},"end":{"line":62,"column":63}},"31":{"start":{"line":63,"column":6},"end":{"line":63,"column":33}},"32":{"start":{"line":68,"column":4},"end":{"line":85,"column":5}},"33":{"start":{"line":69,"column":6},"end":{"line":69,"column":66}},"34":{"start":{"line":71,"column":6},"end":{"line":71,"column":67}},"35":{"start":{"line":73,"column":6},"end":{"line":84,"column":7}},"36":{"start":{"line":75,"column":8},"end":{"line":83,"column":9}},"37":{"start":{"line":76,"column":10},"end":{"line":76,"column":29}},"38":{"start":{"line":77,"column":10},"end":{"line":82,"column":11}},"39":{"start":{"line":78,"column":12},"end":{"line":78,"column":72}},"40":{"start":{"line":79,"column":12},"end":{"line":79,"column":18}},"41":{"start":{"line":81,"column":12},"end":{"line":81,"column":47}},"42":{"start":{"line":81,"column":41},"end":{"line":81,"column":47}},"43":{"start":{"line":89,"column":4},"end":{"line":89,"column":29}}},"fnMap":{"0":{"name":"(anonymous_0)","decl":{"start":{"line":5,"column":2},"end":{"line":5,"column":3}},"loc":{"start":{"line":5,"column":16},"end":{"line":13,"column":3}},"line":5},"1":{"name":"(anonymous_1)","decl":{"start":{"line":15,"column":2},"end":{"line":15,"column":3}},"loc":{"start":{"line":15,"column":23},"end":{"line":28,"column":3}},"line":15},"2":{"name":"(anonymous_2)","decl":{"start":{"line":30,"column":2},"end":{"line":30,"column":3}},"loc":{"start":{"line":30,"column":16},"end":{"line":65,"column":3}},"line":30},"3":{"name":"(anonymous_3)","decl":{"start":{"line":67,"column":2},"end":{"line":67,"column":3}},"loc":{"start":{"line":67,"column":12},"end":{"line":86,"column":3}},"line":67},"4":{"name":"(anonymous_4)","decl":{"start":{"line":88,"column":2},"end":{"line":88,"column":3}},"loc":{"start":{"line":88,"column":19},"end":{"line":90,"column":3}},"line":88}},"branchMap":{"0":{"loc":{"start":{"line":8,"column":19},"end":{"line":8,"column":49}},"type":"cond-expr","locations":[{"start":{"line":8,"column":27},"end":{"line":8,"column":44}},{"start":{"line":8,"column":47},"end":{"line":8,"column":49}}],"line":8},"1":{"loc":{"start":{"line":16,"column":4},"end":{"line":19,"column":5}},"type":"if","locations":[{"start":{"line":16,"column":4},"end":{"line":19,"column":5}},{"start":{},"end":{}}],"line":16},"2":{"loc":{"start":{"line":16,"column":8},"end":{"line":16,"column":51}},"type":"binary-expr","locations":[{"start":{"line":16,"column":8},"end":{"line":16,"column":20}},{"start":{"line":16,"column":24},"end":{"line":16,"column":51}}],"line":16},"3":{"loc":{"start":{"line":32,"column":4},"end":{"line":32,"column":58}},"type":"if","locations":[{"start":{"line":32,"column":4},"end":{"line":32,"column":58}},{"start":{},"end":{}}],"line":32},"4":{"loc":{"start":{"line":73,"column":6},"end":{"line":84,"column":7}},"type":"if","locations":[{"start":{"line":73,"column":6},"end":{"line":84,"column":7}},{"start":{},"end":{}}],"line":73},"5":{"loc":{"start":{"line":81,"column":12},"end":{"line":81,"column":47}},"type":"if","locations":[{"start":{"line":81,"column":12},"end":{"line":81,"column":47}},{"start":{},"end":{}}],"line":81}},"s":{"0":0,"1":0,"2":0,"3":0,"4":0,"5":0,"6":0,"7":0,"8":0,"9":0,"10":0,"11":0,"12":0,"13":0,"14":0,"15":0,"16":0,"17":0,"18":0,"19":0,"20":0,"21":0,"22":0,"23":0,"24":0,"25":0,"26":0,"27":0,"28":0,"29":0,"30":0,"31":0,"32":0,"33":0,"34":0,"35":0,"36":0,"37":0,"38":0,"39":0,"40":0,"41":0,"42":0,"43":0},"f":{"0":0,"1":0,"2":0,"3":0,"4":0},"b":{"0":[0,0],"1":[0,0],"2":[0,0],"3":[0,0],"4":[0,0],"5":[0,0]}}
,"/Users/samcrider/workshop/offline-wrapper/statusUI.js": {"path":"/Users/samcrider/workshop/offline-wrapper/statusUI.js","statementMap":{"0":{"start":{"line":11,"column":4},"end":{"line":11,"column":29}},"1":{"start":{"line":12,"column":4},"end":{"line":12,"column":31}},"2":{"start":{"line":13,"column":4},"end":{"line":13,"column":26}},"3":{"start":{"line":14,"column":4},"end":{"line":14,"column":26}},"4":{"start":{"line":15,"column":4},"end":{"line":15,"column":29}},"5":{"start":{"line":18,"column":4},"end":{"line":18,"column":26}},"6":{"start":{"line":21,"column":4},"end":{"line":32,"column":5}},"7":{"start":{"line":22,"column":6},"end":{"line":22,"column":28}},"8":{"start":{"line":25,"column":6},"end":{"line":27,"column":8}},"9":{"start":{"line":26,"column":8},"end":{"line":26,"column":29}},"10":{"start":{"line":29,"column":6},"end":{"line":31,"column":15}},"11":{"start":{"line":30,"column":8},"end":{"line":30,"column":70}},"12":{"start":{"line":30,"column":48},"end":{"line":30,"column":70}},"13":{"start":{"line":37,"column":4},"end":{"line":37,"column":44}},"14":{"start":{"line":38,"column":4},"end":{"line":53,"column":6}},"15":{"start":{"line":54,"column":4},"end":{"line":54,"column":47}},"16":{"start":{"line":55,"column":4},"end":{"line":55,"column":48}},"17":{"start":{"line":55,"column":28},"end":{"line":55,"column":47}},"18":{"start":{"line":58,"column":4},"end":{"line":58,"column":48}},"19":{"start":{"line":59,"column":4},"end":{"line":75,"column":6}},"20":{"start":{"line":79,"column":4},"end":{"line":79,"column":51}},"21":{"start":{"line":79,"column":44},"end":{"line":79,"column":51}},"22":{"start":{"line":82,"column":4},"end":{"line":82,"column":39}},"23":{"start":{"line":83,"column":4},"end":{"line":83,"column":43}},"24":{"start":{"line":86,"column":4},"end":{"line":89,"column":7}},"25":{"start":{"line":91,"column":4},"end":{"line":91,"column":28}},"26":{"start":{"line":95,"column":23},"end":{"line":95,"column":46}},"27":{"start":{"line":96,"column":23},"end":{"line":96,"column":67}},"28":{"start":{"line":98,"column":4},"end":{"line":107,"column":6}},"29":{"start":{"line":103,"column":35},"end":{"line":103,"column":56}},"30":{"start":{"line":111,"column":4},"end":{"line":116,"column":5}},"31":{"start":{"line":112,"column":6},"end":{"line":112,"column":26}},"32":{"start":{"line":113,"column":6},"end":{"line":113,"column":42}},"33":{"start":{"line":115,"column":6},"end":{"line":115,"column":41}},"34":{"start":{"line":120,"column":4},"end":{"line":120,"column":31}},"35":{"start":{"line":121,"column":4},"end":{"line":121,"column":34}},"36":{"start":{"line":123,"column":4},"end":{"line":125,"column":5}},"37":{"start":{"line":124,"column":6},"end":{"line":124,"column":52}},"38":{"start":{"line":124,"column":23},"end":{"line":124,"column":34}},"39":{"start":{"line":129,"column":4},"end":{"line":132,"column":7}},"40":{"start":{"line":136,"column":4},"end":{"line":139,"column":7}},"41":{"start":{"line":143,"column":4},"end":{"line":146,"column":7}},"42":{"start":{"line":150,"column":4},"end":{"line":153,"column":7}},"43":{"start":{"line":157,"column":4},"end":{"line":157,"column":32}},"44":{"start":{"line":158,"column":4},"end":{"line":158,"column":49}},"45":{"start":{"line":162,"column":4},"end":{"line":162,"column":21}},"46":{"start":{"line":163,"column":4},"end":{"line":163,"column":25}}},"fnMap":{"0":{"name":"(anonymous_0)","decl":{"start":{"line":5,"column":2},"end":{"line":5,"column":3}},"loc":{"start":{"line":10,"column":10},"end":{"line":33,"column":3}},"line":10},"1":{"name":"(anonymous_1)","decl":{"start":{"line":25,"column":52},"end":{"line":25,"column":53}},"loc":{"start":{"line":26,"column":8},"end":{"line":26,"column":29}},"line":26},"2":{"name":"(anonymous_2)","decl":{"start":{"line":29,"column":17},"end":{"line":29,"column":18}},"loc":{"start":{"line":29,"column":23},"end":{"line":31,"column":7}},"line":29},"3":{"name":"(anonymous_3)","decl":{"start":{"line":35,"column":2},"end":{"line":35,"column":3}},"loc":{"start":{"line":35,"column":19},"end":{"line":76,"column":3}},"line":35},"4":{"name":"(anonymous_4)","decl":{"start":{"line":55,"column":22},"end":{"line":55,"column":23}},"loc":{"start":{"line":55,"column":28},"end":{"line":55,"column":47}},"line":55},"5":{"name":"(anonymous_5)","decl":{"start":{"line":78,"column":2},"end":{"line":78,"column":3}},"loc":{"start":{"line":78,"column":19},"end":{"line":92,"column":3}},"line":78},"6":{"name":"(anonymous_6)","decl":{"start":{"line":94,"column":2},"end":{"line":94,"column":3}},"loc":{"start":{"line":94,"column":23},"end":{"line":108,"column":3}},"line":94},"7":{"name":"(anonymous_7)","decl":{"start":{"line":103,"column":23},"end":{"line":103,"column":24}},"loc":{"start":{"line":103,"column":35},"end":{"line":103,"column":56}},"line":103},"8":{"name":"(anonymous_8)","decl":{"start":{"line":110,"column":2},"end":{"line":110,"column":3}},"loc":{"start":{"line":110,"column":17},"end":{"line":117,"column":3}},"line":110},"9":{"name":"(anonymous_9)","decl":{"start":{"line":119,"column":2},"end":{"line":119,"column":3}},"loc":{"start":{"line":119,"column":26},"end":{"line":126,"column":3}},"line":119},"10":{"name":"(anonymous_10)","decl":{"start":{"line":124,"column":17},"end":{"line":124,"column":18}},"loc":{"start":{"line":124,"column":23},"end":{"line":124,"column":34}},"line":124},"11":{"name":"(anonymous_11)","decl":{"start":{"line":128,"column":2},"end":{"line":128,"column":3}},"loc":{"start":{"line":128,"column":14},"end":{"line":133,"column":3}},"line":128},"12":{"name":"(anonymous_12)","decl":{"start":{"line":135,"column":2},"end":{"line":135,"column":3}},"loc":{"start":{"line":135,"column":15},"end":{"line":140,"column":3}},"line":135},"13":{"name":"(anonymous_13)","decl":{"start":{"line":142,"column":2},"end":{"line":142,"column":3}},"loc":{"start":{"line":142,"column":15},"end":{"line":147,"column":3}},"line":142},"14":{"name":"(anonymous_14)","decl":{"start":{"line":149,"column":2},"end":{"line":149,"column":3}},"loc":{"start":{"line":149,"column":38},"end":{"line":154,"column":3}},"line":149},"15":{"name":"(anonymous_15)","decl":{"start":{"line":156,"column":2},"end":{"line":156,"column":3}},"loc":{"start":{"line":156,"column":9},"end":{"line":159,"column":3}},"line":156},"16":{"name":"(anonymous_16)","decl":{"start":{"line":161,"column":2},"end":{"line":161,"column":3}},"loc":{"start":{"line":161,"column":12},"end":{"line":164,"column":3}},"line":161}},"branchMap":{"0":{"loc":{"start":{"line":5,"column":14},"end":{"line":10,"column":8}},"type":"default-arg","locations":[{"start":{"line":10,"column":6},"end":{"line":10,"column":8}}],"line":5},"1":{"loc":{"start":{"line":6,"column":4},"end":{"line":6,"column":20}},"type":"default-arg","locations":[{"start":{"line":6,"column":15},"end":{"line":6,"column":20}}],"line":6},"2":{"loc":{"start":{"line":7,"column":4},"end":{"line":7,"column":20}},"type":"default-arg","locations":[{"start":{"line":7,"column":16},"end":{"line":7,"column":20}}],"line":7},"3":{"loc":{"start":{"line":8,"column":4},"end":{"line":8,"column":19}},"type":"default-arg","locations":[{"start":{"line":8,"column":15},"end":{"line":8,"column":19}}],"line":8},"4":{"loc":{"start":{"line":9,"column":4},"end":{"line":9,"column":19}},"type":"default-arg","locations":[{"start":{"line":9,"column":15},"end":{"line":9,"column":19}}],"line":9},"5":{"loc":{"start":{"line":21,"column":4},"end":{"line":32,"column":5}},"type":"if","locations":[{"start":{"line":21,"column":4},"end":{"line":32,"column":5}},{"start":{"line":23,"column":11},"end":{"line":32,"column":5}}],"line":21},"6":{"loc":{"start":{"line":30,"column":8},"end":{"line":30,"column":70}},"type":"if","locations":[{"start":{"line":30,"column":8},"end":{"line":30,"column":70}},{"start":{},"end":{}}],"line":30},"7":{"loc":{"start":{"line":30,"column":12},"end":{"line":30,"column":46}},"type":"binary-expr","locations":[{"start":{"line":30,"column":12},"end":{"line":30,"column":29}},{"start":{"line":30,"column":33},"end":{"line":30,"column":46}}],"line":30},"8":{"loc":{"start":{"line":79,"column":4},"end":{"line":79,"column":51}},"type":"if","locations":[{"start":{"line":79,"column":4},"end":{"line":79,"column":51}},{"start":{},"end":{}}],"line":79},"9":{"loc":{"start":{"line":79,"column":8},"end":{"line":79,"column":42}},"type":"binary-expr","locations":[{"start":{"line":79,"column":8},"end":{"line":79,"column":24}},{"start":{"line":79,"column":28},"end":{"line":79,"column":42}}],"line":79},"10":{"loc":{"start":{"line":87,"column":12},"end":{"line":87,"column":65}},"type":"cond-expr","locations":[{"start":{"line":87,"column":25},"end":{"line":87,"column":36}},{"start":{"line":87,"column":39},"end":{"line":87,"column":65}}],"line":87},"11":{"loc":{"start":{"line":88,"column":10},"end":{"line":88,"column":44}},"type":"cond-expr","locations":[{"start":{"line":88,"column":23},"end":{"line":88,"column":32}},{"start":{"line":88,"column":35},"end":{"line":88,"column":44}}],"line":88},"12":{"loc":{"start":{"line":95,"column":23},"end":{"line":95,"column":46}},"type":"binary-expr","locations":[{"start":{"line":95,"column":23},"end":{"line":95,"column":40}},{"start":{"line":95,"column":44},"end":{"line":95,"column":46}}],"line":95},"13":{"loc":{"start":{"line":96,"column":23},"end":{"line":96,"column":67}},"type":"cond-expr","locations":[{"start":{"line":96,"column":36},"end":{"line":96,"column":62}},{"start":{"line":96,"column":65},"end":{"line":96,"column":67}}],"line":96},"14":{"loc":{"start":{"line":99,"column":38},"end":{"line":99,"column":71}},"type":"cond-expr","locations":[{"start":{"line":99,"column":51},"end":{"line":99,"column":59}},{"start":{"line":99,"column":62},"end":{"line":99,"column":71}}],"line":99},"15":{"loc":{"start":{"line":103,"column":8},"end":{"line":103,"column":80}},"type":"binary-expr","locations":[{"start":{"line":103,"column":8},"end":{"line":103,"column":68}},{"start":{"line":103,"column":72},"end":{"line":103,"column":80}}],"line":103},"16":{"loc":{"start":{"line":106,"column":13},"end":{"line":106,"column":46}},"type":"binary-expr","locations":[{"start":{"line":106,"column":13},"end":{"line":106,"column":34}},{"start":{"line":106,"column":38},"end":{"line":106,"column":46}}],"line":106},"17":{"loc":{"start":{"line":111,"column":4},"end":{"line":116,"column":5}},"type":"if","locations":[{"start":{"line":111,"column":4},"end":{"line":116,"column":5}},{"start":{"line":114,"column":11},"end":{"line":116,"column":5}}],"line":111},"18":{"loc":{"start":{"line":123,"column":4},"end":{"line":125,"column":5}},"type":"if","locations":[{"start":{"line":123,"column":4},"end":{"line":125,"column":5}},{"start":{},"end":{}}],"line":123},"19":{"loc":{"start":{"line":123,"column":8},"end":{"line":123,"column":48}},"type":"binary-expr","locations":[{"start":{"line":123,"column":8},"end":{"line":123,"column":21}},{"start":{"line":123,"column":25},"end":{"line":123,"column":48}}],"line":123},"20":{"loc":{"start":{"line":149,"column":11},"end":{"line":149,"column":36}},"type":"default-arg","locations":[{"start":{"line":149,"column":21},"end":{"line":149,"column":36}}],"line":149}},"s":{"0":0,"1":0,"2":0,"3":0,"4":0,"5":0,"6":0,"7":0,"8":0,"9":0,"10":0,"11":0,"12":0,"13":0,"14":0,"15":0,"16":0,"17":0,"18":0,"19":0,"20":0,"21":0,"22":0,"23":0,"24":0,"25":0,"26":0,"27":0,"28":0,"29":0,"30":0,"31":0,"32":0,"33":0,"34":0,"35":0,"36":0,"37":0,"38":0,"39":0,"40":0,"41":0,"42":0,"43":0,"44":0,"45":0,"46":0},"f":{"0":0,"1":0,"2":0,"3":0,"4":0,"5":0,"6":0,"7":0,"8":0,"9":0,"10":0,"11":0,"12":0,"13":0,"14":0,"15":0,"16":0},"b":{"0":[0],"1":[0],"2":[0],"3":[0],"4":[0],"5":[0,0],"6":[0,0],"7":[0,0],"8":[0,0],"9":[0,0],"10":[0,0],"11":[0,0],"12":[0,0],"13":[0,0],"14":[0,0],"15":[0,0],"16":[0,0],"17":[0,0],"18":[0,0],"19":[0,0],"20":[0]}}
,"/Users/samcrider/workshop/offline-wrapper/util.js": {"path":"/Users/samcrider/workshop/offline-wrapper/util.js","statementMap":{"0":{"start":{"line":3,"column":2},"end":{"line":6,"column":5}}},"fnMap":{"0":{"name":"fakeResponse","decl":{"start":{"line":2,"column":16},"end":{"line":2,"column":28}},"loc":{"start":{"line":2,"column":67},"end":{"line":7,"column":1}},"line":2}},"branchMap":{"0":{"loc":{"start":{"line":2,"column":29},"end":{"line":2,"column":65}},"type":"default-arg","locations":[{"start":{"line":2,"column":39},"end":{"line":2,"column":65}}],"line":2}},"s":{"0":0},"f":{"0":0},"b":{"0":[0]}}
,"/Users/samcrider/workshop/offline-wrapper/xhr.js": {"path":"/Users/samcrider/workshop/offline-wrapper/xhr.js","statementMap":{"0":{"start":{"line":4,"column":22},"end":{"line":4,"column":43}},"1":{"start":{"line":7,"column":2},"end":{"line":9,"column":3}},"2":{"start":{"line":8,"column":4},"end":{"line":8,"column":51}},"3":{"start":{"line":11,"column":2},"end":{"line":80,"column":4}},"4":{"start":{"line":12,"column":16},"end":{"line":12,"column":33}},"5":{"start":{"line":13,"column":17},"end":{"line":13,"column":22}},"6":{"start":{"line":14,"column":14},"end":{"line":14,"column":16}},"7":{"start":{"line":15,"column":25},"end":{"line":15,"column":27}},"8":{"start":{"line":16,"column":22},"end":{"line":16,"column":26}},"9":{"start":{"line":19,"column":17},"end":{"line":19,"column":25}},"10":{"start":{"line":20,"column":4},"end":{"line":24,"column":6}},"11":{"start":{"line":21,"column":6},"end":{"line":21,"column":37}},"12":{"start":{"line":22,"column":6},"end":{"line":22,"column":17}},"13":{"start":{"line":23,"column":6},"end":{"line":23,"column":46}},"14":{"start":{"line":27,"column":29},"end":{"line":27,"column":49}},"15":{"start":{"line":28,"column":4},"end":{"line":31,"column":6}},"16":{"start":{"line":29,"column":6},"end":{"line":29,"column":35}},"17":{"start":{"line":30,"column":6},"end":{"line":30,"column":54}},"18":{"start":{"line":34,"column":17},"end":{"line":34,"column":25}},"19":{"start":{"line":35,"column":4},"end":{"line":77,"column":6}},"20":{"start":{"line":36,"column":6},"end":{"line":36,"column":25}},"21":{"start":{"line":39,"column":6},"end":{"line":76,"column":7}},"22":{"start":{"line":40,"column":8},"end":{"line":72,"column":9}},"23":{"start":{"line":41,"column":10},"end":{"line":41,"column":73}},"24":{"start":{"line":44,"column":26},"end":{"line":48,"column":11}},"25":{"start":{"line":50,"column":10},"end":{"line":50,"column":40}},"26":{"start":{"line":53,"column":10},"end":{"line":53,"column":30}},"27":{"start":{"line":54,"column":10},"end":{"line":54,"column":28}},"28":{"start":{"line":55,"column":10},"end":{"line":55,"column":49}},"29":{"start":{"line":56,"column":10},"end":{"line":60,"column":13}},"30":{"start":{"line":63,"column":10},"end":{"line":63,"column":38}},"31":{"start":{"line":64,"column":10},"end":{"line":64,"column":26}},"32":{"start":{"line":66,"column":10},"end":{"line":66,"column":67}},"33":{"start":{"line":69,"column":10},"end":{"line":69,"column":26}},"34":{"start":{"line":70,"column":10},"end":{"line":70,"column":36}},"35":{"start":{"line":71,"column":10},"end":{"line":71,"column":71}},"36":{"start":{"line":75,"column":8},"end":{"line":75,"column":30}},"37":{"start":{"line":79,"column":4},"end":{"line":79,"column":15}},"38":{"start":{"line":85,"column":2},"end":{"line":88,"column":3}},"39":{"start":{"line":86,"column":4},"end":{"line":86,"column":61}},"40":{"start":{"line":87,"column":4},"end":{"line":87,"column":44}}},"fnMap":{"0":{"name":"patchXHR","decl":{"start":{"line":3,"column":16},"end":{"line":3,"column":24}},"loc":{"start":{"line":3,"column":32},"end":{"line":81,"column":1}},"line":3},"1":{"name":"(anonymous_1)","decl":{"start":{"line":11,"column":26},"end":{"line":11,"column":27}},"loc":{"start":{"line":11,"column":38},"end":{"line":80,"column":3}},"line":11},"2":{"name":"(anonymous_2)","decl":{"start":{"line":20,"column":15},"end":{"line":20,"column":16}},"loc":{"start":{"line":20,"column":49},"end":{"line":24,"column":5}},"line":20},"3":{"name":"(anonymous_3)","decl":{"start":{"line":28,"column":27},"end":{"line":28,"column":28}},"loc":{"start":{"line":28,"column":50},"end":{"line":31,"column":5}},"line":28},"4":{"name":"(anonymous_4)","decl":{"start":{"line":35,"column":15},"end":{"line":35,"column":16}},"loc":{"start":{"line":35,"column":31},"end":{"line":77,"column":5}},"line":35},"5":{"name":"unpatchXHR","decl":{"start":{"line":84,"column":16},"end":{"line":84,"column":26}},"loc":{"start":{"line":84,"column":29},"end":{"line":89,"column":1}},"line":84}},"branchMap":{"0":{"loc":{"start":{"line":7,"column":2},"end":{"line":9,"column":3}},"type":"if","locations":[{"start":{"line":7,"column":2},"end":{"line":9,"column":3}},{"start":{},"end":{}}],"line":7},"1":{"loc":{"start":{"line":39,"column":6},"end":{"line":76,"column":7}},"type":"if","locations":[{"start":{"line":39,"column":6},"end":{"line":76,"column":7}},{"start":{"line":73,"column":13},"end":{"line":76,"column":7}}],"line":39},"2":{"loc":{"start":{"line":39,"column":10},"end":{"line":39,"column":41}},"type":"binary-expr","locations":[{"start":{"line":39,"column":10},"end":{"line":39,"column":21}},{"start":{"line":39,"column":25},"end":{"line":39,"column":41}}],"line":39},"3":{"loc":{"start":{"line":85,"column":2},"end":{"line":88,"column":3}},"type":"if","locations":[{"start":{"line":85,"column":2},"end":{"line":88,"column":3}},{"start":{},"end":{}}],"line":85}},"s":{"0":0,"1":0,"2":0,"3":0,"4":0,"5":0,"6":0,"7":0,"8":0,"9":0,"10":0,"11":0,"12":0,"13":0,"14":0,"15":0,"16":0,"17":0,"18":0,"19":0,"20":0,"21":0,"22":0,"23":0,"24":0,"25":0,"26":0,"27":0,"28":0,"29":0,"30":0,"31":0,"32":0,"33":0,"34":0,"35":0,"36":0,"37":0,"38":1,"39":0,"40":0},"f":{"0":0,"1":0,"2":0,"3":0,"4":0,"5":1},"b":{"0":[0,0],"1":[0,0],"2":[0,0],"3":[0,1]},"_coverageSchema":"1a1c01bbd47fc00a2c39e90264f33305004495a9","hash":"cb8459204648eabec718c4668c01ee9147f6334e"}
}
