TN:
SF:cache.js
FN:8,(anonymous_0)
FN:12,(anonymous_1)
FN:13,(anonymous_2)
FN:16,(anonymous_3)
FN:17,(anonymous_4)
FN:24,(anonymous_5)
FN:42,(anonymous_6)
FN:47,(anonymous_7)
FN:54,(anonymous_8)
FN:56,(anonymous_9)
FN:70,(anonymous_10)
FN:81,(anonymous_11)
FN:95,(anonymous_12)
FN:101,(anonymous_13)
FN:106,(anonymous_14)
FN:109,(anonymous_15)
FN:118,(anonymous_16)
FNF:17
FNH:0
FNDA:0,(anonymous_0)
FNDA:0,(anonymous_1)
FNDA:0,(anonymous_2)
FNDA:0,(anonymous_3)
FNDA:0,(anonymous_4)
FNDA:0,(anonymous_5)
FNDA:0,(anonymous_6)
FNDA:0,(anonymous_7)
FNDA:0,(anonymous_8)
FNDA:0,(anonymous_9)
FNDA:0,(anonymous_10)
FNDA:0,(anonymous_11)
FNDA:0,(anonymous_12)
FNDA:0,(anonymous_13)
FNDA:0,(anonymous_14)
FNDA:0,(anonymous_15)
FNDA:0,(anonymous_16)
DA:2,0
DA:3,0
DA:9,0
DA:13,0
DA:14,0
DA:15,0
DA:16,0
DA:17,0
DA:18,0
DA:19,0
DA:25,0
DA:26,0
DA:27,0
DA:28,0
DA:31,0
DA:32,0
DA:33,0
DA:42,0
DA:43,0
DA:48,0
DA:49,0
DA:50,0
DA:51,0
DA:52,0
DA:54,0
DA:55,0
DA:56,0
DA:57,0
DA:60,0
DA:61,0
DA:62,0
DA:65,0
DA:68,0
DA:70,0
DA:71,0
DA:72,0
DA:76,0
DA:77,0
DA:82,0
DA:83,0
DA:84,0
DA:85,0
DA:86,0
DA:87,0
DA:89,0
DA:90,0
DA:96,0
DA:97,0
DA:98,0
DA:102,0
DA:103,0
DA:104,0
DA:106,0
DA:107,0
DA:108,0
DA:109,0
DA:110,0
DA:111,0
DA:112,0
DA:113,0
DA:115,0
DA:118,0
LF:62
LH:0
BRDA:57,0,0,0
BRDA:57,0,1,0
BRDA:60,1,0,0
BRDA:60,1,1,0
BRDA:95,2,0,0
BRDA:96,3,0,0
BRDA:96,3,1,0
BRDA:111,4,0,0
BRDA:111,4,1,0
BRF:9
BRH:0
end_of_record
TN:
SF:index.js
FN:11,(anonymous_0)
FN:44,(anonymous_1)
FN:49,(anonymous_2)
FN:58,(anonymous_3)
FN:75,(anonymous_4)
FN:83,(anonymous_5)
FN:96,(anonymous_6)
FN:100,(anonymous_7)
FN:105,(anonymous_8)
FN:111,(anonymous_9)
FN:122,(anonymous_10)
FN:163,(anonymous_11)
FN:173,(anonymous_12)
FN:198,(anonymous_13)
FNF:14
FNH:5
FNDA:4,(anonymous_0)
FNDA:0,(anonymous_1)
FNDA:4,(anonymous_2)
FNDA:0,(anonymous_3)
FNDA:0,(anonymous_4)
FNDA:0,(anonymous_5)
FNDA:0,(anonymous_6)
FNDA:0,(anonymous_7)
FNDA:4,(anonymous_8)
FNDA:0,(anonymous_9)
FNDA:0,(anonymous_10)
FNDA:4,(anonymous_11)
FNDA:0,(anonymous_12)
FNDA:1,(anonymous_13)
DA:12,4
DA:21,4
DA:22,4
DA:23,4
DA:24,4
DA:26,4
DA:27,3
DA:35,4
DA:38,4
DA:41,4
DA:44,4
DA:45,0
DA:51,4
DA:52,3
DA:58,4
DA:59,0
DA:60,0
DA:63,0
DA:64,0
DA:65,0
DA:67,0
DA:68,0
DA:69,0
DA:70,0
DA:71,0
DA:73,0
DA:75,0
DA:76,0
DA:80,0
DA:81,0
DA:83,0
DA:87,0
DA:88,0
DA:89,0
DA:90,0
DA:96,4
DA:97,0
DA:100,4
DA:101,0
DA:106,4
DA:109,4
DA:111,4
DA:112,0
DA:113,0
DA:115,0
DA:116,0
DA:117,0
DA:119,0
DA:120,0
DA:123,0
DA:127,0
DA:129,0
DA:131,0
DA:132,0
DA:133,0
DA:137,0
DA:138,0
DA:139,0
DA:142,0
DA:148,0
DA:149,0
DA:150,0
DA:153,0
DA:154,0
DA:155,0
DA:158,0
DA:165,4
DA:166,4
DA:174,0
DA:175,0
DA:176,0
DA:179,0
DA:181,0
DA:182,0
DA:183,0
DA:184,0
DA:185,0
DA:187,0
DA:190,0
DA:192,0
DA:193,0
DA:194,0
DA:200,1
DA:201,1
DA:205,1
DA:206,1
DA:210,1
DA:213,1
DA:214,0
DA:218,1
LF:90
LH:28
BRDA:11,0,0,3
BRDA:26,1,0,3
BRDA:26,1,1,1
BRDA:51,2,0,3
BRDA:51,2,1,1
BRDA:53,3,0,3
BRDA:53,3,1,0
BRDA:59,4,0,0
BRDA:59,4,1,0
BRDA:63,5,0,0
BRDA:63,5,1,0
BRDA:67,6,0,0
BRDA:67,6,1,0
BRDA:70,7,0,0
BRDA:70,7,1,0
BRDA:70,8,0,0
BRDA:70,8,1,0
BRDA:87,9,0,0
BRDA:87,9,1,0
BRDA:87,10,0,0
BRDA:87,10,1,0
BRDA:89,11,0,0
BRDA:89,11,1,0
BRDA:97,12,0,0
BRDA:97,12,1,0
BRDA:101,13,0,0
BRDA:101,13,1,0
BRDA:112,14,0,0
BRDA:113,15,0,0
BRDA:113,15,1,0
BRDA:115,16,0,0
BRDA:115,16,1,0
BRDA:119,17,0,0
BRDA:119,17,1,0
BRDA:119,18,0,0
BRDA:119,18,1,0
BRDA:131,19,0,0
BRDA:131,19,1,0
BRDA:133,20,0,0
BRDA:133,20,1,0
BRDA:137,21,0,0
BRDA:137,21,1,0
BRDA:139,22,0,0
BRDA:139,22,1,0
BRDA:143,23,0,0
BRDA:143,23,1,0
BRDA:148,24,0,0
BRDA:148,24,1,0
BRDA:150,25,0,0
BRDA:150,25,1,0
BRDA:153,26,0,0
BRDA:153,26,1,0
BRDA:155,27,0,0
BRDA:155,27,1,0
BRDA:165,28,0,4
BRDA:165,28,1,0
BRDA:174,29,0,0
BRDA:174,29,1,0
BRDA:179,30,0,0
BRDA:179,30,1,0
BRDA:183,31,0,0
BRDA:183,31,1,0
BRDA:184,32,0,0
BRDA:184,32,1,0
BRDA:193,33,0,0
BRDA:193,33,1,0
BRDA:200,34,0,1
BRDA:200,34,1,0
BRDA:205,35,0,1
BRDA:205,35,1,0
BRDA:213,36,0,0
BRDA:213,36,1,1
BRF:72
BRH:10
end_of_record
TN:
SF:inputTracker.js
FN:4,(anonymous_0)
FN:7,(anonymous_1)
FN:19,(anonymous_2)
FN:26,(anonymous_3)
FN:33,(anonymous_4)
FN:41,(anonymous_5)
FN:45,(anonymous_6)
FN:59,(anonymous_7)
FN:65,(anonymous_8)
FN:77,(anonymous_9)
FNF:10
FNH:0
FNDA:0,(anonymous_0)
FNDA:0,(anonymous_1)
FNDA:0,(anonymous_2)
FNDA:0,(anonymous_3)
FNDA:0,(anonymous_4)
FNDA:0,(anonymous_5)
FNDA:0,(anonymous_6)
FNDA:0,(anonymous_7)
FNDA:0,(anonymous_8)
FNDA:0,(anonymous_9)
DA:1,0
DA:5,0
DA:7,0
DA:8,0
DA:14,0
DA:15,0
DA:19,0
DA:20,0
DA:21,0
DA:27,0
DA:28,0
DA:29,0
DA:30,0
DA:34,0
DA:35,0
DA:36,0
DA:37,0
DA:42,0
DA:43,0
DA:45,0
DA:46,0
DA:47,0
DA:48,0
DA:49,0
DA:53,0
DA:54,0
DA:61,0
DA:62,0
DA:65,0
DA:66,0
DA:67,0
DA:71,0
DA:73,0
DA:78,0
DA:79,0
DA:81,0
LF:36
LH:0
BRDA:8,0,0,0
BRDA:8,0,1,0
BRDA:10,1,0,0
BRDA:10,1,1,0
BRDA:20,2,0,0
BRDA:20,2,1,0
BRDA:27,3,0,0
BRDA:27,3,1,0
BRDA:34,4,0,0
BRDA:34,4,1,0
BRDA:37,5,0,0
BRDA:37,5,1,0
BRDA:42,6,0,0
BRDA:42,6,1,0
BRDA:47,7,0,0
BRDA:47,7,1,0
BRDA:47,8,0,0
BRDA:47,8,1,0
BRDA:53,9,0,0
BRDA:53,9,1,0
BRDA:59,10,0,0
BRDA:62,11,0,0
BRDA:62,11,1,0
BRDA:66,12,0,0
BRDA:66,12,1,0
BRDA:78,13,0,0
BRDA:78,13,1,0
BRF:27
BRH:0
end_of_record
TN:
SF:network.js
FN:7,checkConnectivity
FN:10,(anonymous_1)
FN:27,onReconnect
FN:39,offReconnect
FN:40,(anonymous_4)
FN:44,setupConnectivityListeners
FN:47,(anonymous_6)
FN:56,checkAndNotify
FN:61,(anonymous_8)
FN:74,isOnline
FNF:10
FNH:7
FNDA:6,checkConnectivity
FNDA:0,(anonymous_1)
FNDA:3,onReconnect
FNDA:1,offReconnect
FNDA:3,(anonymous_4)
FNDA:1,setupConnectivityListeners
FNDA:0,(anonymous_6)
FNDA:3,checkAndNotify
FNDA:0,(anonymous_8)
FNDA:1,isOnline
DA:2,3
DA:3,3
DA:4,3
DA:8,6
DA:9,6
DA:10,6
DA:12,6
DA:19,4
DA:20,4
DA:22,2
DA:28,3
DA:29,3
DA:33,3
DA:34,1
DA:40,3
DA:46,1
DA:47,1
DA:48,0
DA:52,1
DA:57,3
DA:60,3
DA:61,0
DA:62,0
DA:63,0
DA:65,0
DA:70,3
DA:75,1
DA:79,3
LF:28
LH:23
BRDA:28,0,0,3
BRDA:28,0,1,0
BRDA:33,1,0,1
BRDA:33,1,1,2
BRDA:60,2,0,0
BRDA:60,2,1,3
BRDA:60,3,0,3
BRDA:60,3,1,3
BRF:8
BRH:6
end_of_record
TN:
SF:queue.js
FN:5,(anonymous_0)
FN:15,(anonymous_1)
FN:30,(anonymous_2)
FN:67,(anonymous_3)
FN:88,(anonymous_4)
FNF:5
FNH:0
FNDA:0,(anonymous_0)
FNDA:0,(anonymous_1)
FNDA:0,(anonymous_2)
FNDA:0,(anonymous_3)
FNDA:0,(anonymous_4)
DA:2,0
DA:6,0
DA:7,0
DA:8,0
DA:10,0
DA:11,0
DA:16,0
DA:17,0
DA:18,0
DA:21,0
DA:22,0
DA:23,0
DA:24,0
DA:26,0
DA:31,0
DA:32,0
DA:34,0
DA:35,0
DA:37,0
DA:38,0
DA:39,0
DA:40,0
DA:41,0
DA:43,0
DA:48,0
DA:49,0
DA:53,0
DA:54,0
DA:56,0
DA:62,0
DA:63,0
DA:68,0
DA:69,0
DA:71,0
DA:73,0
DA:75,0
DA:76,0
DA:77,0
DA:78,0
DA:79,0
DA:81,0
DA:89,0
LF:42
LH:0
BRDA:8,0,0,0
BRDA:8,0,1,0
BRDA:16,1,0,0
BRDA:16,1,1,0
BRDA:16,2,0,0
BRDA:16,2,1,0
BRDA:32,3,0,0
BRDA:32,3,1,0
BRDA:73,4,0,0
BRDA:73,4,1,0
BRDA:81,5,0,0
BRDA:81,5,1,0
BRF:12
BRH:0
end_of_record
TN:
SF:statusUI.js
FN:5,(anonymous_0)
FN:25,(anonymous_1)
FN:29,(anonymous_2)
FN:35,(anonymous_3)
FN:55,(anonymous_4)
FN:78,(anonymous_5)
FN:94,(anonymous_6)
FN:103,(anonymous_7)
FN:110,(anonymous_8)
FN:119,(anonymous_9)
FN:124,(anonymous_10)
FN:128,(anonymous_11)
FN:135,(anonymous_12)
FN:142,(anonymous_13)
FN:149,(anonymous_14)
FN:156,(anonymous_15)
FN:161,(anonymous_16)
FNF:17
FNH:0
FNDA:0,(anonymous_0)
FNDA:0,(anonymous_1)
FNDA:0,(anonymous_2)
FNDA:0,(anonymous_3)
FNDA:0,(anonymous_4)
FNDA:0,(anonymous_5)
FNDA:0,(anonymous_6)
FNDA:0,(anonymous_7)
FNDA:0,(anonymous_8)
FNDA:0,(anonymous_9)
FNDA:0,(anonymous_10)
FNDA:0,(anonymous_11)
FNDA:0,(anonymous_12)
FNDA:0,(anonymous_13)
FNDA:0,(anonymous_14)
FNDA:0,(anonymous_15)
FNDA:0,(anonymous_16)
DA:11,0
DA:12,0
DA:13,0
DA:14,0
DA:15,0
DA:18,0
DA:21,0
DA:22,0
DA:25,0
DA:26,0
DA:29,0
DA:30,0
DA:37,0
DA:38,0
DA:54,0
DA:55,0
DA:58,0
DA:59,0
DA:79,0
DA:82,0
DA:83,0
DA:86,0
DA:91,0
DA:95,0
DA:96,0
DA:98,0
DA:103,0
DA:111,0
DA:112,0
DA:113,0
DA:115,0
DA:120,0
DA:121,0
DA:123,0
DA:124,0
DA:129,0
DA:136,0
DA:143,0
DA:150,0
DA:157,0
DA:158,0
DA:162,0
DA:163,0
LF:43
LH:0
BRDA:5,0,0,0
BRDA:6,1,0,0
BRDA:7,2,0,0
BRDA:8,3,0,0
BRDA:9,4,0,0
BRDA:21,5,0,0
BRDA:21,5,1,0
BRDA:30,6,0,0
BRDA:30,6,1,0
BRDA:30,7,0,0
BRDA:30,7,1,0
BRDA:79,8,0,0
BRDA:79,8,1,0
BRDA:79,9,0,0
BRDA:79,9,1,0
BRDA:87,10,0,0
BRDA:87,10,1,0
BRDA:88,11,0,0
BRDA:88,11,1,0
BRDA:95,12,0,0
BRDA:95,12,1,0
BRDA:96,13,0,0
BRDA:96,13,1,0
BRDA:99,14,0,0
BRDA:99,14,1,0
BRDA:103,15,0,0
BRDA:103,15,1,0
BRDA:106,16,0,0
BRDA:106,16,1,0
BRDA:111,17,0,0
BRDA:111,17,1,0
BRDA:123,18,0,0
BRDA:123,18,1,0
BRDA:123,19,0,0
BRDA:123,19,1,0
BRDA:149,20,0,0
BRF:36
BRH:0
end_of_record
TN:
SF:util.js
FN:2,fakeResponse
FNF:1
FNH:0
FNDA:0,fakeResponse
DA:3,0
LF:1
LH:0
BRDA:2,0,0,0
BRF:1
BRH:0
end_of_record
TN:
SF:xhr.js
FN:3,patchXHR
FN:11,(anonymous_1)
FN:20,(anonymous_2)
FN:28,(anonymous_3)
FN:35,(anonymous_4)
FN:84,unpatchXHR
FNF:6
FNH:1
FNDA:0,patchXHR
FNDA:0,(anonymous_1)
FNDA:0,(anonymous_2)
FNDA:0,(anonymous_3)
FNDA:0,(anonymous_4)
FNDA:1,unpatchXHR
DA:4,0
DA:7,0
DA:8,0
DA:11,0
DA:12,0
DA:13,0
DA:14,0
DA:15,0
DA:16,0
DA:19,0
DA:20,0
DA:21,0
DA:22,0
DA:23,0
DA:27,0
DA:28,0
DA:29,0
DA:30,0
DA:34,0
DA:35,0
DA:36,0
DA:39,0
DA:40,0
DA:41,0
DA:44,0
DA:50,0
DA:53,0
DA:54,0
DA:55,0
DA:56,0
DA:63,0
DA:64,0
DA:66,0
DA:69,0
DA:70,0
DA:71,0
DA:75,0
DA:79,0
DA:85,1
DA:86,0
DA:87,0
LF:41
LH:1
BRDA:7,0,0,0
BRDA:7,0,1,0
BRDA:39,1,0,0
BRDA:39,1,1,0
BRDA:39,2,0,0
BRDA:39,2,1,0
BRDA:85,3,0,0
BRDA:85,3,1,1
BRF:8
BRH:1
end_of_record
